2025-04-07 14:05:34,918 DEBUG [..executor for Service: AppServer-thread-1] Task instance "1@application.PositionAndGMSReferencing@SunriseProject" changed state to CREATING.
2025-04-07 14:05:35,107 DEBUG [..PositionAndGMSReferencing@SunriseProject] Task instance "1@application.PositionAndGMSReferencing@SunriseProject" changed state to INITIALIZING.
2025-04-07 14:05:35,110 DEBUG [..PositionAndGMSReferencing@SunriseProject] Task instance "1@application.PositionAndGMSReferencing@SunriseProject" changed state to RUNNING.
2025-04-07 14:05:35,161 INFO  [..PositionAndGMSReferencing@SunriseProject] Perform position and GMS referencing with 5 positions
2025-04-07 14:05:35,163 INFO  [..PositionAndGMSReferencing@SunriseProject] Moving to home position
2025-04-07 14:05:43,611 INFO  [..PositionAndGMSReferencing@SunriseProject] Moving to position #1
2025-04-07 14:05:47,090 INFO  [..PositionAndGMSReferencing@SunriseProject] Moving to current position from negative direction
2025-04-07 14:05:51,643 INFO  [..PositionAndGMSReferencing@SunriseProject] Moving to current position from positive direction
2025-04-07 14:05:56,203 INFO  [..PositionAndGMSReferencing@SunriseProject] Moving to position #2
2025-04-07 14:05:59,593 INFO  [..PositionAndGMSReferencing@SunriseProject] Moving to current position from negative direction
2025-04-07 14:06:04,113 INFO  [..PositionAndGMSReferencing@SunriseProject] Moving to current position from positive direction
2025-04-07 14:06:08,641 INFO  [..PositionAndGMSReferencing@SunriseProject] Moving to position #3
2025-04-07 14:06:16,287 INFO  [..PositionAndGMSReferencing@SunriseProject] Moving to current position from negative direction
2025-04-07 14:06:20,921 INFO  [..PositionAndGMSReferencing@SunriseProject] Moving to current position from positive direction
2025-04-07 14:06:25,544 INFO  [..PositionAndGMSReferencing@SunriseProject] Moving to position #4
2025-04-07 14:06:30,510 INFO  [..PositionAndGMSReferencing@SunriseProject] Moving to current position from negative direction
2025-04-07 14:06:35,041 INFO  [..PositionAndGMSReferencing@SunriseProject] Moving to current position from positive direction
2025-04-07 14:06:39,607 INFO  [..PositionAndGMSReferencing@SunriseProject] Moving to position #5
2025-04-07 14:06:46,812 INFO  [..PositionAndGMSReferencing@SunriseProject] Moving to current position from negative direction
2025-04-07 14:06:51,322 INFO  [..PositionAndGMSReferencing@SunriseProject] Moving to current position from positive direction
2025-04-07 14:06:55,862 INFO  [..PositionAndGMSReferencing@SunriseProject] Moving to home position
2025-04-07 14:07:02,505 DEBUG [..PositionAndGMSReferencing@SunriseProject] Task instance "1@application.PositionAndGMSReferencing@SunriseProject" changed state to DISPOSING.
2025-04-07 14:07:02,576 DEBUG [..Executor for Pause State Events-thread-1] State of the task "class application.PositionAndGMSReferencing" changed from "RUNNING" to "STOPPING".
2025-04-07 14:07:03,614 DEBUG [..PositionAndGMSReferencing@SunriseProject] Task instance "1@application.PositionAndGMSReferencing@SunriseProject" changed state to STOPPING.
2025-04-07 14:07:03,620 DEBUG [..PositionAndGMSReferencing@SunriseProject] Task instance "1@application.PositionAndGMSReferencing@SunriseProject" changed state to STOPPED.
2025-04-08 14:27:24,680 DEBUG [..executor for Service: AppServer-thread-1] Task instance "1@application.PositionAndGMSReferencing@SunriseProject" changed state to CREATING.
2025-04-08 14:27:24,862 DEBUG [..PositionAndGMSReferencing@SunriseProject] Task instance "1@application.PositionAndGMSReferencing@SunriseProject" changed state to INITIALIZING.
2025-04-08 14:27:24,863 DEBUG [..PositionAndGMSReferencing@SunriseProject] Task instance "1@application.PositionAndGMSReferencing@SunriseProject" changed state to RUNNING.
2025-04-08 14:27:24,918 INFO  [..PositionAndGMSReferencing@SunriseProject] Perform position and GMS referencing with 5 positions
2025-04-08 14:27:24,921 INFO  [..PositionAndGMSReferencing@SunriseProject] Moving to home position
2025-04-08 14:27:33,319 INFO  [..PositionAndGMSReferencing@SunriseProject] Moving to position #1
2025-04-08 14:27:36,788 INFO  [..PositionAndGMSReferencing@SunriseProject] Moving to current position from negative direction
2025-04-08 14:27:41,328 INFO  [..PositionAndGMSReferencing@SunriseProject] Moving to current position from positive direction
2025-04-08 14:27:45,887 INFO  [..PositionAndGMSReferencing@SunriseProject] Moving to position #2
2025-04-08 14:27:49,262 INFO  [..PositionAndGMSReferencing@SunriseProject] Moving to current position from negative direction
2025-04-08 14:27:53,806 INFO  [..PositionAndGMSReferencing@SunriseProject] Moving to current position from positive direction
2025-04-08 14:27:58,323 INFO  [..PositionAndGMSReferencing@SunriseProject] Moving to position #3
2025-04-08 14:28:05,959 INFO  [..PositionAndGMSReferencing@SunriseProject] Moving to current position from negative direction
2025-04-08 14:28:10,586 INFO  [..PositionAndGMSReferencing@SunriseProject] Moving to current position from positive direction
2025-04-08 14:28:15,194 INFO  [..PositionAndGMSReferencing@SunriseProject] Moving to position #4
2025-04-08 14:28:20,164 INFO  [..PositionAndGMSReferencing@SunriseProject] Moving to current position from negative direction
2025-04-08 14:28:24,702 INFO  [..PositionAndGMSReferencing@SunriseProject] Moving to current position from positive direction
2025-04-08 14:28:29,248 INFO  [..PositionAndGMSReferencing@SunriseProject] Moving to position #5
2025-04-08 14:28:36,454 INFO  [..PositionAndGMSReferencing@SunriseProject] Moving to current position from negative direction
2025-04-08 14:28:40,956 INFO  [..PositionAndGMSReferencing@SunriseProject] Moving to current position from positive direction
2025-04-08 14:28:45,468 INFO  [..PositionAndGMSReferencing@SunriseProject] Moving to home position
2025-04-08 14:28:52,108 DEBUG [..PositionAndGMSReferencing@SunriseProject] Task instance "1@application.PositionAndGMSReferencing@SunriseProject" changed state to DISPOSING.
2025-04-08 14:28:52,167 DEBUG [..Executor for Pause State Events-thread-1] State of the task "class application.PositionAndGMSReferencing" changed from "RUNNING" to "STOPPING".
2025-04-08 14:28:53,192 DEBUG [..PositionAndGMSReferencing@SunriseProject] Task instance "1@application.PositionAndGMSReferencing@SunriseProject" changed state to STOPPING.
2025-04-08 14:28:53,196 DEBUG [..PositionAndGMSReferencing@SunriseProject] Task instance "1@application.PositionAndGMSReferencing@SunriseProject" changed state to STOPPED.
2025-04-08 15:53:38,678 DEBUG [..executor for Service: AppServer-thread-1] Task instance "1@application.PositionAndGMSReferencing@SunriseProject" changed state to CREATING.
2025-04-08 15:53:38,839 DEBUG [..PositionAndGMSReferencing@SunriseProject] Task instance "1@application.PositionAndGMSReferencing@SunriseProject" changed state to INITIALIZING.
2025-04-08 15:53:38,840 DEBUG [..PositionAndGMSReferencing@SunriseProject] Task instance "1@application.PositionAndGMSReferencing@SunriseProject" changed state to RUNNING.
2025-04-08 15:53:38,898 INFO  [..PositionAndGMSReferencing@SunriseProject] Perform position and GMS referencing with 5 positions
2025-04-08 15:53:38,900 INFO  [..PositionAndGMSReferencing@SunriseProject] Moving to home position
2025-04-08 15:53:47,334 INFO  [..PositionAndGMSReferencing@SunriseProject] Moving to position #1
2025-04-08 15:53:50,832 INFO  [..PositionAndGMSReferencing@SunriseProject] Moving to current position from negative direction
2025-04-08 15:53:55,409 INFO  [..PositionAndGMSReferencing@SunriseProject] Moving to current position from positive direction
2025-04-08 15:53:59,981 INFO  [..PositionAndGMSReferencing@SunriseProject] Moving to position #2
2025-04-08 15:54:03,356 INFO  [..PositionAndGMSReferencing@SunriseProject] Moving to current position from negative direction
2025-04-08 15:54:07,876 INFO  [..PositionAndGMSReferencing@SunriseProject] Moving to current position from positive direction
2025-04-08 15:54:12,426 INFO  [..PositionAndGMSReferencing@SunriseProject] Moving to position #3
2025-04-08 15:54:20,082 INFO  [..PositionAndGMSReferencing@SunriseProject] Moving to current position from negative direction
2025-04-08 15:54:24,706 INFO  [..PositionAndGMSReferencing@SunriseProject] Moving to current position from positive direction
2025-04-08 15:54:29,354 INFO  [..PositionAndGMSReferencing@SunriseProject] Moving to position #4
2025-04-08 15:54:34,340 INFO  [..PositionAndGMSReferencing@SunriseProject] Moving to current position from negative direction
2025-04-08 15:54:38,878 INFO  [..PositionAndGMSReferencing@SunriseProject] Moving to current position from positive direction
2025-04-08 15:54:43,462 INFO  [..PositionAndGMSReferencing@SunriseProject] Moving to position #5
2025-04-08 15:54:50,688 INFO  [..PositionAndGMSReferencing@SunriseProject] Moving to current position from negative direction
2025-04-08 15:54:55,193 INFO  [..PositionAndGMSReferencing@SunriseProject] Moving to current position from positive direction
2025-04-08 15:54:59,722 INFO  [..PositionAndGMSReferencing@SunriseProject] Moving to home position
2025-04-08 15:55:06,404 DEBUG [..PositionAndGMSReferencing@SunriseProject] Task instance "1@application.PositionAndGMSReferencing@SunriseProject" changed state to DISPOSING.
2025-04-08 15:55:06,468 DEBUG [..Executor for Pause State Events-thread-1] State of the task "class application.PositionAndGMSReferencing" changed from "RUNNING" to "STOPPING".
2025-04-08 15:55:07,530 DEBUG [..PositionAndGMSReferencing@SunriseProject] Task instance "1@application.PositionAndGMSReferencing@SunriseProject" changed state to STOPPING.
2025-04-08 15:55:07,535 DEBUG [..PositionAndGMSReferencing@SunriseProject] Task instance "1@application.PositionAndGMSReferencing@SunriseProject" changed state to STOPPED.
2025-04-09 16:24:57,185 DEBUG [..executor for Service: AppServer-thread-1] Task instance "1@application.PositionAndGMSReferencing@SunriseProject" changed state to CREATING.
2025-04-09 16:24:57,376 DEBUG [..PositionAndGMSReferencing@SunriseProject] Task instance "1@application.PositionAndGMSReferencing@SunriseProject" changed state to INITIALIZING.
2025-04-09 16:24:57,376 DEBUG [..PositionAndGMSReferencing@SunriseProject] Task instance "1@application.PositionAndGMSReferencing@SunriseProject" changed state to RUNNING.
2025-04-09 16:24:57,432 INFO  [..PositionAndGMSReferencing@SunriseProject] Perform position and GMS referencing with 5 positions
2025-04-09 16:24:57,434 INFO  [..PositionAndGMSReferencing@SunriseProject] Moving to home position
2025-04-09 16:25:05,882 INFO  [..PositionAndGMSReferencing@SunriseProject] Moving to position #1
2025-04-09 16:25:09,333 INFO  [..PositionAndGMSReferencing@SunriseProject] Moving to current position from negative direction
2025-04-09 16:25:13,887 INFO  [..PositionAndGMSReferencing@SunriseProject] Moving to current position from positive direction
2025-04-09 16:25:18,458 INFO  [..PositionAndGMSReferencing@SunriseProject] Moving to position #2
2025-04-09 16:25:21,835 INFO  [..PositionAndGMSReferencing@SunriseProject] Moving to current position from negative direction
2025-04-09 16:25:26,355 INFO  [..PositionAndGMSReferencing@SunriseProject] Moving to current position from positive direction
2025-04-09 16:25:30,866 INFO  [..PositionAndGMSReferencing@SunriseProject] Moving to position #3
2025-04-09 16:25:38,549 INFO  [..PositionAndGMSReferencing@SunriseProject] Moving to current position from negative direction
2025-04-09 16:25:43,170 INFO  [..PositionAndGMSReferencing@SunriseProject] Moving to current position from positive direction
2025-04-09 16:25:47,774 INFO  [..PositionAndGMSReferencing@SunriseProject] Moving to position #4
2025-04-09 16:25:52,801 INFO  [..PositionAndGMSReferencing@SunriseProject] Moving to current position from negative direction
2025-04-09 16:25:57,329 INFO  [..PositionAndGMSReferencing@SunriseProject] Moving to current position from positive direction
2025-04-09 16:26:01,860 INFO  [..PositionAndGMSReferencing@SunriseProject] Moving to position #5
2025-04-09 16:26:09,130 INFO  [..PositionAndGMSReferencing@SunriseProject] Moving to current position from negative direction
2025-04-09 16:26:13,650 INFO  [..PositionAndGMSReferencing@SunriseProject] Moving to current position from positive direction
2025-04-09 16:26:18,146 INFO  [..PositionAndGMSReferencing@SunriseProject] Moving to home position
2025-04-09 16:26:24,840 DEBUG [..PositionAndGMSReferencing@SunriseProject] Task instance "1@application.PositionAndGMSReferencing@SunriseProject" changed state to DISPOSING.
2025-04-09 16:26:24,905 DEBUG [..Executor for Pause State Events-thread-1] State of the task "class application.PositionAndGMSReferencing" changed from "RUNNING" to "STOPPING".
2025-04-09 16:26:25,997 DEBUG [..PositionAndGMSReferencing@SunriseProject] Task instance "1@application.PositionAndGMSReferencing@SunriseProject" changed state to STOPPING.
2025-04-09 16:26:26,005 DEBUG [..PositionAndGMSReferencing@SunriseProject] Task instance "1@application.PositionAndGMSReferencing@SunriseProject" changed state to STOPPED.
2025-04-10 10:29:39,794 DEBUG [..executor for Service: AppServer-thread-1] Task instance "1@application.PositionAndGMSReferencing@SunriseProject" changed state to CREATING.
2025-04-10 10:29:39,976 DEBUG [..PositionAndGMSReferencing@SunriseProject] Task instance "1@application.PositionAndGMSReferencing@SunriseProject" changed state to INITIALIZING.
2025-04-10 10:29:39,977 DEBUG [..PositionAndGMSReferencing@SunriseProject] Task instance "1@application.PositionAndGMSReferencing@SunriseProject" changed state to RUNNING.
2025-04-10 10:29:40,052 INFO  [..PositionAndGMSReferencing@SunriseProject] Perform position and GMS referencing with 5 positions
2025-04-10 10:29:40,054 INFO  [..PositionAndGMSReferencing@SunriseProject] Moving to home position
2025-04-10 10:29:48,504 INFO  [..PositionAndGMSReferencing@SunriseProject] Moving to position #1
2025-04-10 10:29:51,978 INFO  [..PositionAndGMSReferencing@SunriseProject] Moving to current position from negative direction
2025-04-10 10:29:56,557 INFO  [..PositionAndGMSReferencing@SunriseProject] Moving to current position from positive direction
2025-04-10 10:30:01,147 INFO  [..PositionAndGMSReferencing@SunriseProject] Moving to position #2
2025-04-10 10:30:04,528 INFO  [..PositionAndGMSReferencing@SunriseProject] Moving to current position from negative direction
2025-04-10 10:30:09,070 INFO  [..PositionAndGMSReferencing@SunriseProject] Moving to current position from positive direction
2025-04-10 10:30:13,631 INFO  [..PositionAndGMSReferencing@SunriseProject] Moving to position #3
2025-04-10 10:30:21,296 INFO  [..PositionAndGMSReferencing@SunriseProject] Moving to current position from negative direction
2025-04-10 10:30:25,934 INFO  [..PositionAndGMSReferencing@SunriseProject] Moving to current position from positive direction
2025-04-10 10:30:30,568 INFO  [..PositionAndGMSReferencing@SunriseProject] Moving to position #4
2025-04-10 10:30:35,565 INFO  [..PositionAndGMSReferencing@SunriseProject] Moving to current position from negative direction
2025-04-10 10:30:40,110 INFO  [..PositionAndGMSReferencing@SunriseProject] Moving to current position from positive direction
2025-04-10 10:30:44,677 INFO  [..PositionAndGMSReferencing@SunriseProject] Moving to position #5
2025-04-10 10:30:51,927 INFO  [..PositionAndGMSReferencing@SunriseProject] Moving to current position from negative direction
2025-04-10 10:30:56,457 INFO  [..PositionAndGMSReferencing@SunriseProject] Moving to current position from positive direction
2025-04-10 10:31:00,992 INFO  [..PositionAndGMSReferencing@SunriseProject] Moving to home position
2025-04-10 10:31:07,677 DEBUG [..PositionAndGMSReferencing@SunriseProject] Task instance "1@application.PositionAndGMSReferencing@SunriseProject" changed state to DISPOSING.
2025-04-10 10:31:07,741 DEBUG [..Executor for Pause State Events-thread-1] State of the task "class application.PositionAndGMSReferencing" changed from "RUNNING" to "STOPPING".
2025-04-10 10:31:08,778 DEBUG [..PositionAndGMSReferencing@SunriseProject] Task instance "1@application.PositionAndGMSReferencing@SunriseProject" changed state to STOPPING.
2025-04-10 10:31:08,784 DEBUG [..PositionAndGMSReferencing@SunriseProject] Task instance "1@application.PositionAndGMSReferencing@SunriseProject" changed state to STOPPED.
2025-04-10 12:22:52,550 DEBUG [..executor for Service: AppServer-thread-1] Task instance "1@application.PositionAndGMSReferencing@SunriseProject" changed state to CREATING.
2025-04-10 12:22:52,717 DEBUG [..PositionAndGMSReferencing@SunriseProject] Task instance "1@application.PositionAndGMSReferencing@SunriseProject" changed state to INITIALIZING.
2025-04-10 12:22:52,718 DEBUG [..PositionAndGMSReferencing@SunriseProject] Task instance "1@application.PositionAndGMSReferencing@SunriseProject" changed state to RUNNING.
2025-04-10 12:22:52,780 INFO  [..PositionAndGMSReferencing@SunriseProject] Perform position and GMS referencing with 5 positions
2025-04-10 12:22:52,782 INFO  [..PositionAndGMSReferencing@SunriseProject] Moving to home position
2025-04-10 12:23:01,255 INFO  [..PositionAndGMSReferencing@SunriseProject] Moving to position #1
2025-04-10 12:23:04,769 INFO  [..PositionAndGMSReferencing@SunriseProject] Moving to current position from negative direction
2025-04-10 12:23:09,359 INFO  [..PositionAndGMSReferencing@SunriseProject] Moving to current position from positive direction
2025-04-10 12:23:13,945 INFO  [..PositionAndGMSReferencing@SunriseProject] Moving to position #2
2025-04-10 12:23:17,319 INFO  [..PositionAndGMSReferencing@SunriseProject] Moving to current position from negative direction
2025-04-10 12:23:21,823 INFO  [..PositionAndGMSReferencing@SunriseProject] Moving to current position from positive direction
2025-04-10 12:23:26,430 INFO  [..PositionAndGMSReferencing@SunriseProject] Moving to position #3
2025-04-10 12:23:34,076 INFO  [..PositionAndGMSReferencing@SunriseProject] Moving to current position from negative direction
2025-04-10 12:23:38,671 INFO  [..PositionAndGMSReferencing@SunriseProject] Moving to current position from positive direction
2025-04-10 12:23:43,247 INFO  [..PositionAndGMSReferencing@SunriseProject] Moving to position #4
2025-04-10 12:23:48,163 INFO  [..PositionAndGMSReferencing@SunriseProject] Moving to current position from negative direction
2025-04-10 12:23:52,723 INFO  [..PositionAndGMSReferencing@SunriseProject] Moving to current position from positive direction
2025-04-10 12:23:57,303 INFO  [..PositionAndGMSReferencing@SunriseProject] Moving to position #5
2025-04-10 12:24:04,552 INFO  [..PositionAndGMSReferencing@SunriseProject] Moving to current position from negative direction
2025-04-10 12:24:09,118 INFO  [..PositionAndGMSReferencing@SunriseProject] Moving to current position from positive direction
2025-04-10 12:24:13,576 INFO  [..PositionAndGMSReferencing@SunriseProject] Moving to home position
2025-04-10 12:24:20,238 DEBUG [..PositionAndGMSReferencing@SunriseProject] Task instance "1@application.PositionAndGMSReferencing@SunriseProject" changed state to DISPOSING.
2025-04-10 12:24:20,292 DEBUG [..Executor for Pause State Events-thread-1] State of the task "class application.PositionAndGMSReferencing" changed from "RUNNING" to "STOPPING".
2025-04-10 12:24:21,319 DEBUG [..PositionAndGMSReferencing@SunriseProject] Task instance "1@application.PositionAndGMSReferencing@SunriseProject" changed state to STOPPING.
2025-04-10 12:24:21,324 DEBUG [..PositionAndGMSReferencing@SunriseProject] Task instance "1@application.PositionAndGMSReferencing@SunriseProject" changed state to STOPPED.
2025-04-17 15:11:35,931 DEBUG [..executor for Service: AppServer-thread-1] Task instance "1@application.PositionAndGMSReferencing@SunriseProject" changed state to CREATING.
2025-04-17 15:11:36,106 DEBUG [..PositionAndGMSReferencing@SunriseProject] Task instance "1@application.PositionAndGMSReferencing@SunriseProject" changed state to INITIALIZING.
2025-04-17 15:11:36,109 DEBUG [..PositionAndGMSReferencing@SunriseProject] Task instance "1@application.PositionAndGMSReferencing@SunriseProject" changed state to RUNNING.
2025-04-17 15:11:36,164 INFO  [..PositionAndGMSReferencing@SunriseProject] Perform position and GMS referencing with 5 positions
2025-04-17 15:11:36,166 INFO  [..PositionAndGMSReferencing@SunriseProject] Moving to home position
2025-04-17 15:11:44,570 INFO  [..PositionAndGMSReferencing@SunriseProject] Moving to position #1
2025-04-17 15:11:48,063 INFO  [..PositionAndGMSReferencing@SunriseProject] Moving to current position from negative direction
2025-04-17 15:11:52,621 INFO  [..PositionAndGMSReferencing@SunriseProject] Moving to current position from positive direction
2025-04-17 15:11:57,187 INFO  [..PositionAndGMSReferencing@SunriseProject] Moving to position #2
2025-04-17 15:12:00,568 INFO  [..PositionAndGMSReferencing@SunriseProject] Moving to current position from negative direction
2025-04-17 15:12:05,094 INFO  [..PositionAndGMSReferencing@SunriseProject] Moving to current position from positive direction
2025-04-17 15:12:09,633 INFO  [..PositionAndGMSReferencing@SunriseProject] Moving to position #3
2025-04-17 15:12:17,280 INFO  [..PositionAndGMSReferencing@SunriseProject] Moving to current position from negative direction
2025-04-17 15:12:21,911 INFO  [..PositionAndGMSReferencing@SunriseProject] Moving to current position from positive direction
2025-04-17 15:12:26,540 INFO  [..PositionAndGMSReferencing@SunriseProject] Moving to position #4
2025-04-17 15:12:31,512 INFO  [..PositionAndGMSReferencing@SunriseProject] Moving to current position from negative direction
2025-04-17 15:12:36,039 INFO  [..PositionAndGMSReferencing@SunriseProject] Moving to current position from positive direction
2025-04-17 15:12:40,591 INFO  [..PositionAndGMSReferencing@SunriseProject] Moving to position #5
2025-04-17 15:12:47,798 INFO  [..PositionAndGMSReferencing@SunriseProject] Moving to current position from negative direction
2025-04-17 15:12:52,318 INFO  [..PositionAndGMSReferencing@SunriseProject] Moving to current position from positive direction
2025-04-17 15:12:56,837 INFO  [..PositionAndGMSReferencing@SunriseProject] Moving to home position
2025-04-17 15:13:03,484 DEBUG [..PositionAndGMSReferencing@SunriseProject] Task instance "1@application.PositionAndGMSReferencing@SunriseProject" changed state to DISPOSING.
2025-04-17 15:13:03,555 DEBUG [..Executor for Pause State Events-thread-1] State of the task "class application.PositionAndGMSReferencing" changed from "RUNNING" to "STOPPING".
2025-04-17 15:13:04,576 DEBUG [..PositionAndGMSReferencing@SunriseProject] Task instance "1@application.PositionAndGMSReferencing@SunriseProject" changed state to STOPPING.
2025-04-17 15:13:04,581 DEBUG [..PositionAndGMSReferencing@SunriseProject] Task instance "1@application.PositionAndGMSReferencing@SunriseProject" changed state to STOPPED.
2025-04-18 15:28:33,718 DEBUG [..executor for Service: AppServer-thread-1] Task instance "1@application.PositionAndGMSReferencing@SunriseProject" changed state to CREATING.
2025-04-18 15:28:33,925 DEBUG [..PositionAndGMSReferencing@SunriseProject] Task instance "1@application.PositionAndGMSReferencing@SunriseProject" changed state to INITIALIZING.
2025-04-18 15:28:33,926 DEBUG [..PositionAndGMSReferencing@SunriseProject] Task instance "1@application.PositionAndGMSReferencing@SunriseProject" changed state to RUNNING.
2025-04-18 15:28:34,012 INFO  [..PositionAndGMSReferencing@SunriseProject] Perform position and GMS referencing with 5 positions
2025-04-18 15:28:34,014 INFO  [..PositionAndGMSReferencing@SunriseProject] Moving to home position
2025-04-18 15:28:42,450 INFO  [..PositionAndGMSReferencing@SunriseProject] Moving to position #1
2025-04-18 15:28:45,903 INFO  [..PositionAndGMSReferencing@SunriseProject] Moving to current position from negative direction
2025-04-18 15:28:50,448 INFO  [..PositionAndGMSReferencing@SunriseProject] Moving to current position from positive direction
2025-04-18 15:28:55,020 INFO  [..PositionAndGMSReferencing@SunriseProject] Moving to position #2
2025-04-18 15:28:58,412 INFO  [..PositionAndGMSReferencing@SunriseProject] Moving to current position from negative direction
2025-04-18 15:29:02,937 INFO  [..PositionAndGMSReferencing@SunriseProject] Moving to current position from positive direction
2025-04-18 15:29:07,456 INFO  [..PositionAndGMSReferencing@SunriseProject] Moving to position #3
2025-04-18 15:29:15,143 INFO  [..PositionAndGMSReferencing@SunriseProject] Moving to current position from negative direction
2025-04-18 15:29:19,761 INFO  [..PositionAndGMSReferencing@SunriseProject] Moving to current position from positive direction
2025-04-18 15:29:24,372 INFO  [..PositionAndGMSReferencing@SunriseProject] Moving to position #4
2025-04-18 15:29:29,390 INFO  [..PositionAndGMSReferencing@SunriseProject] Moving to current position from negative direction
2025-04-18 15:29:33,927 INFO  [..PositionAndGMSReferencing@SunriseProject] Moving to current position from positive direction
2025-04-18 15:29:38,459 INFO  [..PositionAndGMSReferencing@SunriseProject] Moving to position #5
2025-04-18 15:29:45,709 INFO  [..PositionAndGMSReferencing@SunriseProject] Moving to current position from negative direction
2025-04-18 15:29:50,232 INFO  [..PositionAndGMSReferencing@SunriseProject] Moving to current position from positive direction
2025-04-18 15:29:54,729 INFO  [..PositionAndGMSReferencing@SunriseProject] Moving to home position
2025-04-18 15:30:01,402 DEBUG [..PositionAndGMSReferencing@SunriseProject] Task instance "1@application.PositionAndGMSReferencing@SunriseProject" changed state to DISPOSING.
2025-04-18 15:30:01,467 DEBUG [..Executor for Pause State Events-thread-1] State of the task "class application.PositionAndGMSReferencing" changed from "RUNNING" to "STOPPING".
2025-04-18 15:30:02,489 DEBUG [..PositionAndGMSReferencing@SunriseProject] Task instance "1@application.PositionAndGMSReferencing@SunriseProject" changed state to STOPPING.
2025-04-18 15:30:02,494 DEBUG [..PositionAndGMSReferencing@SunriseProject] Task instance "1@application.PositionAndGMSReferencing@SunriseProject" changed state to STOPPED.
