Execution of com.kuka.monitoring.jmx.JvmDump started at 10/04/2025 15:04:02

Monitored host: local://localhost

Execute handler com.kuka.monitoring.jmx.handler.ThreadDumpHandler for JVM with PID 3844

"JMX server connection timeout 472" Id=472 in RUNNABLE


"RMI TCP Connection(3)-192.168.0.1" Id=471 in RUNNABLE
    at sun.management.ThreadImpl.dumpThreads0(Native Method)
    at sun.management.ThreadImpl.dumpAllThreads(Unknown Source)
    at sun.reflect.NativeMethodAccessorImpl.invoke0(Native Method)
    at sun.reflect.NativeMethodAccessorImpl.invoke(Unknown Source)
    at sun.reflect.DelegatingMethodAccessorImpl.invoke(Unknown Source)
    at java.lang.reflect.Method.invoke(Unknown Source)
    at com.sun.jmx.mbeanserver.ConvertingMethod.invokeWithOpenReturn(Unknown Source)
    at com.sun.jmx.mbeanserver.MXBeanIntrospector.invokeM2(Unknown Source)
    at com.sun.jmx.mbeanserver.MXBeanIntrospector.invokeM2(Unknown Source)
    at com.sun.jmx.mbeanserver.MBeanIntrospector.invokeM(Unknown Source)
    at com.sun.jmx.mbeanserver.PerInterface.invoke(Unknown Source)
    at com.sun.jmx.mbeanserver.MBeanSupport.invoke(Unknown Source)
    at javax.management.StandardMBean.invoke(Unknown Source)
    at com.sun.jmx.interceptor.DefaultMBeanServerInterceptor.invoke(Unknown Source)
    at com.sun.jmx.mbeanserver.JmxMBeanServer.invoke(Unknown Source)
    at javax.management.remote.rmi.RMIConnectionImpl.doOperation(Unknown Source)
    at javax.management.remote.rmi.RMIConnectionImpl.access$300(Unknown Source)
    at javax.management.remote.rmi.RMIConnectionImpl$PrivilegedOperation.run(Unknown Source)
    at javax.management.remote.rmi.RMIConnectionImpl.doPrivilegedOperation(Unknown Source)
    at javax.management.remote.rmi.RMIConnectionImpl.invoke(Unknown Source)
    at sun.reflect.NativeMethodAccessorImpl.invoke0(Native Method)
    at sun.reflect.NativeMethodAccessorImpl.invoke(Unknown Source)
    at sun.reflect.DelegatingMethodAccessorImpl.invoke(Unknown Source)
    at java.lang.reflect.Method.invoke(Unknown Source)
    at sun.rmi.server.UnicastServerRef.dispatch(Unknown Source)
    at sun.rmi.transport.Transport$1.run(Unknown Source)
    at java.security.AccessController.doPrivileged(Native Method)
    at sun.rmi.transport.Transport.serviceCall(Unknown Source)
    at sun.rmi.transport.tcp.TCPTransport.handleMessages(Unknown Source)
    at sun.rmi.transport.tcp.TCPTransport$ConnectionHandler.run0(Unknown Source)
    at sun.rmi.transport.tcp.TCPTransport$ConnectionHandler.run(Unknown Source)
    at java.util.concurrent.ThreadPoolExecutor$Worker.runTask(Unknown Source)
    at java.util.concurrent.ThreadPoolExecutor$Worker.run(Unknown Source)
    at java.lang.Thread.run(Unknown Source)

      - java.util.concurrent.locks.ReentrantLock$NonfairSync@1302716

"cmd.out StreamThread" Id=470 in RUNNABLE (running in native)
    at java.io.FileInputStream.readBytes(Native Method)
    at java.io.FileInputStream.read(Unknown Source)
    at java.io.BufferedInputStream.read1(Unknown Source)
    at java.io.BufferedInputStream.read(Unknown Source)
      - locked java.io.BufferedInputStream@780a39
    at sun.nio.cs.StreamDecoder.readBytes(Unknown Source)
    at sun.nio.cs.StreamDecoder.implRead(Unknown Source)
    at sun.nio.cs.StreamDecoder.read(Unknown Source)
      - locked java.io.InputStreamReader@157dcf2
    at java.io.InputStreamReader.read(Unknown Source)
    at java.io.BufferedReader.fill(Unknown Source)
    at java.io.BufferedReader.readLine(Unknown Source)
      - locked java.io.InputStreamReader@157dcf2
    at java.io.BufferedReader.readLine(Unknown Source)
    at com.kuka.util.AsyncStreamReader.run(AsyncStreamReader.java:94)


"pool-NCF Session Worker-thread-1" Id=469 in WAITING on lock=java.util.concurrent.locks.AbstractQueuedSynchronizer$ConditionObject@16a99af
    at sun.misc.Unsafe.park(Native Method)
    at java.util.concurrent.locks.LockSupport.park(Unknown Source)
    at java.util.concurrent.locks.AbstractQueuedSynchronizer$ConditionObject.await(Unknown Source)
    at java.util.concurrent.LinkedBlockingQueue.take(Unknown Source)
    at java.util.concurrent.ThreadPoolExecutor.getTask(Unknown Source)
    at java.util.concurrent.ThreadPoolExecutor$Worker.run(Unknown Source)
    at java.lang.Thread.run(Unknown Source)


"Session WorkerThreadPort Port:50581" Id=468 in RUNNABLE (running in native)
    at java.net.SocketInputStream.socketRead0(Native Method)
    at java.net.SocketInputStream.read(Unknown Source)
    at sun.nio.cs.StreamDecoder.readBytes(Unknown Source)
    at sun.nio.cs.StreamDecoder.implRead(Unknown Source)
    at sun.nio.cs.StreamDecoder.read(Unknown Source)
      - locked java.io.InputStreamReader@18fcb8e
    at java.io.InputStreamReader.read(Unknown Source)
    at java.io.BufferedReader.fill(Unknown Source)
    at java.io.BufferedReader.read(Unknown Source)
      - locked java.io.InputStreamReader@18fcb8e
    at com.kuka.publishing.ncf.serialization.json.JSONTokenizer.readChar(JSONTokenizer.java:355)
    at com.kuka.publishing.ncf.serialization.json.JSONTokenizer.read(JSONTokenizer.java:56)
    at com.kuka.publishing.ncf.serialization.json.JSONParser.readToken(JSONParser.java:261)
    at com.kuka.publishing.ncf.serialization.json.JSONParser.internalRead(JSONParser.java:71)
    at com.kuka.publishing.ncf.serialization.json.JSONParser.read(JSONParser.java:57)
    at com.kuka.publishing.ncf.serialization.json.JSONMessageReader.read(JSONMessageReader.java:51)
    at com.kuka.publishing.ncf.server.internal.NCFSession$ReceiverRunner.run(NCFSession.java:72)
    at java.lang.Thread.run(Unknown Source)


"Timer-18" Id=467 in WAITING on lock=java.util.TaskQueue@17d0dc6
    at java.lang.Object.wait(Native Method)
    at java.lang.Object.wait(Object.java:485)
    at java.util.TimerThread.mainLoop(Unknown Source)
    at java.util.TimerThread.run(Unknown Source)


"pool-UserTaskWrapper-ApplicationEventExecutor-thread-1" Id=463 in WAITING on lock=java.util.concurrent.locks.AbstractQueuedSynchronizer$ConditionObject@1137324
    at sun.misc.Unsafe.park(Native Method)
    at java.util.concurrent.locks.LockSupport.park(Unknown Source)
    at java.util.concurrent.locks.AbstractQueuedSynchronizer$ConditionObject.await(Unknown Source)
    at java.util.concurrent.LinkedBlockingQueue.take(Unknown Source)
    at java.util.concurrent.ThreadPoolExecutor.getTask(Unknown Source)
    at java.util.concurrent.ThreadPoolExecutor$Worker.run(Unknown Source)
    at java.lang.Thread.run(Unknown Source)


"pool-OnPathChecker-thread-1" Id=462 in WAITING on lock=java.util.concurrent.locks.AbstractQueuedSynchronizer$ConditionObject@1ec462a
    at sun.misc.Unsafe.park(Native Method)
    at java.util.concurrent.locks.LockSupport.park(Unknown Source)
    at java.util.concurrent.locks.AbstractQueuedSynchronizer$ConditionObject.await(Unknown Source)
    at java.util.concurrent.DelayQueue.take(Unknown Source)
    at java.util.concurrent.ScheduledThreadPoolExecutor$DelayedWorkQueue.take(Unknown Source)
    at java.util.concurrent.ScheduledThreadPoolExecutor$DelayedWorkQueue.take(Unknown Source)
    at java.util.concurrent.ThreadPoolExecutor.getTask(Unknown Source)
    at java.util.concurrent.ThreadPoolExecutor$Worker.run(Unknown Source)
    at java.lang.Thread.run(Unknown Source)


"pool-Task Function executor thread for API_ROS2_Sunrise.AutomaticResumeBackgroundTask@1899cd7-thread-1" Id=455 in WAITING on lock=java.util.concurrent.SynchronousQueue$TransferStack@f284e6
    at sun.misc.Unsafe.park(Native Method)
    at java.util.concurrent.locks.LockSupport.park(Unknown Source)
    at java.util.concurrent.SynchronousQueue$TransferStack.awaitFulfill(Unknown Source)
    at java.util.concurrent.SynchronousQueue$TransferStack.transfer(Unknown Source)
    at java.util.concurrent.SynchronousQueue.take(Unknown Source)
    at java.util.concurrent.ThreadPoolExecutor.getTask(Unknown Source)
    at java.util.concurrent.ThreadPoolExecutor$Worker.run(Unknown Source)
    at java.lang.Thread.run(Unknown Source)


"pool-ApplicationServiceLogNotifier for API_ROS2_Sunrise.KMRiiwaSunriseApplication@SunriseProject-thread-1" Id=450 in TIMED_WAITING on lock=java.util.concurrent.locks.AbstractQueuedSynchronizer$ConditionObject@1f344a2
    at sun.misc.Unsafe.park(Native Method)
    at java.util.concurrent.locks.LockSupport.parkNanos(Unknown Source)
    at java.util.concurrent.locks.AbstractQueuedSynchronizer$ConditionObject.awaitNanos(Unknown Source)
    at java.util.concurrent.DelayQueue.take(Unknown Source)
    at java.util.concurrent.ScheduledThreadPoolExecutor$DelayedWorkQueue.take(Unknown Source)
    at java.util.concurrent.ScheduledThreadPoolExecutor$DelayedWorkQueue.take(Unknown Source)
    at java.util.concurrent.ThreadPoolExecutor.getTask(Unknown Source)
    at java.util.concurrent.ThreadPoolExecutor$Worker.run(Unknown Source)
    at java.lang.Thread.run(Unknown Source)


"pool-UserTaskWrapper_MasteringCheck-thread-1" Id=444 in WAITING on lock=java.util.concurrent.locks.AbstractQueuedSynchronizer$ConditionObject@1f0ea2
    at sun.misc.Unsafe.park(Native Method)
    at java.util.concurrent.locks.LockSupport.park(Unknown Source)
    at java.util.concurrent.locks.AbstractQueuedSynchronizer$ConditionObject.await(Unknown Source)
    at java.util.concurrent.LinkedBlockingQueue.take(Unknown Source)
    at java.util.concurrent.ThreadPoolExecutor.getTask(Unknown Source)
    at java.util.concurrent.ThreadPoolExecutor$Worker.run(Unknown Source)
    at java.lang.Thread.run(Unknown Source)


"ControlPanelLEDService-TaskThread-3" Id=440 in WAITING on lock=java.util.concurrent.locks.AbstractQueuedSynchronizer$ConditionObject@d664e5
    at sun.misc.Unsafe.park(Native Method)
    at java.util.concurrent.locks.LockSupport.park(Unknown Source)
    at java.util.concurrent.locks.AbstractQueuedSynchronizer$ConditionObject.await(Unknown Source)
    at java.util.concurrent.DelayQueue.take(Unknown Source)
    at java.util.concurrent.ScheduledThreadPoolExecutor$DelayedWorkQueue.take(Unknown Source)
    at java.util.concurrent.ScheduledThreadPoolExecutor$DelayedWorkQueue.take(Unknown Source)
    at java.util.concurrent.ThreadPoolExecutor.getTask(Unknown Source)
    at java.util.concurrent.ThreadPoolExecutor$Worker.run(Unknown Source)
    at java.lang.Thread.run(Unknown Source)


"pool-ControllerStateEvents-thread-1" Id=439 in WAITING on lock=java.util.concurrent.locks.AbstractQueuedSynchronizer$ConditionObject@f9d6c6
    at sun.misc.Unsafe.park(Native Method)
    at java.util.concurrent.locks.LockSupport.park(Unknown Source)
    at java.util.concurrent.locks.AbstractQueuedSynchronizer$ConditionObject.await(Unknown Source)
    at java.util.concurrent.LinkedBlockingQueue.take(Unknown Source)
    at java.util.concurrent.ThreadPoolExecutor.getTask(Unknown Source)
    at java.util.concurrent.ThreadPoolExecutor$Worker.run(Unknown Source)
    at java.lang.Thread.run(Unknown Source)


"pool-54-thread-1" Id=438 in TIMED_WAITING on lock=java.util.concurrent.locks.AbstractQueuedSynchronizer$ConditionObject@837527
    at sun.misc.Unsafe.park(Native Method)
    at java.util.concurrent.locks.LockSupport.parkNanos(Unknown Source)
    at java.util.concurrent.locks.AbstractQueuedSynchronizer$ConditionObject.awaitNanos(Unknown Source)
    at java.util.concurrent.DelayQueue.take(Unknown Source)
    at java.util.concurrent.ScheduledThreadPoolExecutor$DelayedWorkQueue.take(Unknown Source)
    at java.util.concurrent.ScheduledThreadPoolExecutor$DelayedWorkQueue.take(Unknown Source)
    at java.util.concurrent.ThreadPoolExecutor.getTask(Unknown Source)
    at java.util.concurrent.ThreadPoolExecutor$Worker.run(Unknown Source)
    at java.lang.Thread.run(Unknown Source)


"pool-Thread to wait for empty fenced execution area.-thread-1" Id=437 in WAITING on lock=java.util.concurrent.locks.AbstractQueuedSynchronizer$ConditionObject@8082e4
    at sun.misc.Unsafe.park(Native Method)
    at java.util.concurrent.locks.LockSupport.park(Unknown Source)
    at java.util.concurrent.locks.AbstractQueuedSynchronizer$ConditionObject.await(Unknown Source)
    at java.util.concurrent.LinkedBlockingQueue.take(Unknown Source)
    at java.util.concurrent.ThreadPoolExecutor.getTask(Unknown Source)
    at java.util.concurrent.ThreadPoolExecutor$Worker.run(Unknown Source)
    at java.lang.Thread.run(Unknown Source)


"pool-ContainerEvents-thread-1" Id=436 in WAITING on lock=java.util.concurrent.locks.AbstractQueuedSynchronizer$ConditionObject@11164bd
    at sun.misc.Unsafe.park(Native Method)
    at java.util.concurrent.locks.LockSupport.park(Unknown Source)
    at java.util.concurrent.locks.AbstractQueuedSynchronizer$ConditionObject.await(Unknown Source)
    at java.util.concurrent.LinkedBlockingQueue.take(Unknown Source)
    at java.util.concurrent.ThreadPoolExecutor.getTask(Unknown Source)
    at java.util.concurrent.ThreadPoolExecutor$Worker.run(Unknown Source)
    at java.lang.Thread.run(Unknown Source)


"pool-SPR state setting thread.-thread-1" Id=435 in WAITING on lock=java.util.concurrent.locks.AbstractQueuedSynchronizer$ConditionObject@ecdacb
    at sun.misc.Unsafe.park(Native Method)
    at java.util.concurrent.locks.LockSupport.park(Unknown Source)
    at java.util.concurrent.locks.AbstractQueuedSynchronizer$ConditionObject.await(Unknown Source)
    at java.util.concurrent.LinkedBlockingQueue.take(Unknown Source)
    at java.util.concurrent.ThreadPoolExecutor.getTask(Unknown Source)
    at java.util.concurrent.ThreadPoolExecutor$Worker.run(Unknown Source)
    at java.lang.Thread.run(Unknown Source)


"pool-SunriseExecutionServiceEvents-thread-1" Id=434 in WAITING on lock=java.util.concurrent.locks.AbstractQueuedSynchronizer$ConditionObject@10782a
    at sun.misc.Unsafe.park(Native Method)
    at java.util.concurrent.locks.LockSupport.park(Unknown Source)
    at java.util.concurrent.locks.AbstractQueuedSynchronizer$ConditionObject.await(Unknown Source)
    at java.util.concurrent.LinkedBlockingQueue.take(Unknown Source)
    at java.util.concurrent.ThreadPoolExecutor.getTask(Unknown Source)
    at java.util.concurrent.ThreadPoolExecutor$Worker.run(Unknown Source)
    at java.lang.Thread.run(Unknown Source)


"pool-52-thread-1" Id=433 in TIMED_WAITING on lock=java.util.concurrent.locks.AbstractQueuedSynchronizer$ConditionObject@14123ff
    at sun.misc.Unsafe.park(Native Method)
    at java.util.concurrent.locks.LockSupport.parkNanos(Unknown Source)
    at java.util.concurrent.locks.AbstractQueuedSynchronizer$ConditionObject.awaitNanos(Unknown Source)
    at java.util.concurrent.DelayQueue.take(Unknown Source)
    at java.util.concurrent.ScheduledThreadPoolExecutor$DelayedWorkQueue.take(Unknown Source)
    at java.util.concurrent.ScheduledThreadPoolExecutor$DelayedWorkQueue.take(Unknown Source)
    at java.util.concurrent.ThreadPoolExecutor.getTask(Unknown Source)
    at java.util.concurrent.ThreadPoolExecutor$Worker.run(Unknown Source)
    at java.lang.Thread.run(Unknown Source)


"pool-KeepAlive-thread-1" Id=432 in TIMED_WAITING on lock=java.util.concurrent.locks.AbstractQueuedSynchronizer$ConditionObject@1a27262
    at sun.misc.Unsafe.park(Native Method)
    at java.util.concurrent.locks.LockSupport.parkNanos(Unknown Source)
    at java.util.concurrent.locks.AbstractQueuedSynchronizer$ConditionObject.awaitNanos(Unknown Source)
    at java.util.concurrent.DelayQueue.take(Unknown Source)
    at java.util.concurrent.ScheduledThreadPoolExecutor$DelayedWorkQueue.take(Unknown Source)
    at java.util.concurrent.ScheduledThreadPoolExecutor$DelayedWorkQueue.take(Unknown Source)
    at java.util.concurrent.ThreadPoolExecutor.getTask(Unknown Source)
    at java.util.concurrent.ThreadPoolExecutor$Worker.run(Unknown Source)
    at java.lang.Thread.run(Unknown Source)


"Connection Receiver worker" Id=431 in RUNNABLE (running in native)
    at java.net.SocketInputStream.socketRead0(Native Method)
    at java.net.SocketInputStream.read(Unknown Source)
    at com.kuka.roboticsAPI.controllerModel.sunrise.connectionLib.MessageUtilities.receiveFromStreamChecked(MessageUtilities.java:151)
    at com.kuka.roboticsAPI.controllerModel.sunrise.connectionLib.MessageUtilities.receiveMessageLengthFromStream(MessageUtilities.java:231)
    at com.kuka.roboticsAPI.controllerModel.sunrise.connectionLib.TcpChannel.tryReceive(TcpChannel.java:178)
    at com.kuka.roboticsAPI.controllerModel.sunrise.connectionLib.ClientConnectionData.tryReceive(ClientConnectionData.java:84)
    at com.kuka.roboticsAPI.controllerModel.sunrise.connectionLib.Connection.receive(Connection.java:95)
    at com.kuka.roboticsAPI.controllerModel.sunrise.connectionLib.ConnectionReceiver.run(ConnectionReceiver.java:60)
    at java.lang.Thread.run(Unknown Source)

      - java.util.concurrent.locks.ReentrantLock$NonfairSync@3a8c6

"Message Handling worker" Id=430 in WAITING on lock=java.util.concurrent.locks.AbstractQueuedSynchronizer$ConditionObject@3d78d1
    at sun.misc.Unsafe.park(Native Method)
    at java.util.concurrent.locks.LockSupport.park(Unknown Source)
    at java.util.concurrent.locks.AbstractQueuedSynchronizer$ConditionObject.await(Unknown Source)
    at java.util.concurrent.ArrayBlockingQueue.take(Unknown Source)
    at com.kuka.roboticsAPI.controllerModel.sunrise.connectionLib.HandlingWorker.run(HandlingWorker.java:60)
    at java.lang.Thread.run(Unknown Source)


"User thread for 1@API_ROS2_Sunrise.AutomaticResumeBackgroundTask@SunriseProject" Id=429 in WAITING on lock=java.util.concurrent.FutureTask$Sync@1d39b2f
    at sun.misc.Unsafe.park(Native Method)
    at java.util.concurrent.locks.LockSupport.park(Unknown Source)
    at java.util.concurrent.locks.AbstractQueuedSynchronizer.parkAndCheckInterrupt(Unknown Source)
    at java.util.concurrent.locks.AbstractQueuedSynchronizer.doAcquireSharedInterruptibly(Unknown Source)
    at java.util.concurrent.locks.AbstractQueuedSynchronizer.acquireSharedInterruptibly(Unknown Source)
    at java.util.concurrent.FutureTask$Sync.innerGet(Unknown Source)
    at java.util.concurrent.FutureTask.get(Unknown Source)
    at com.kuka.roboticsAPI.applicationModel.tasks.RoboticsAPICyclicBackgroundTask.run(RoboticsAPICyclicBackgroundTask.java:140)
    at com.kuka.task.internal.TaskInstanceManagementThread$3.call(TaskInstanceManagementThread.java:588)
    at com.kuka.task.internal.TaskInstanceManagementThread$3.call(TaskInstanceManagementThread.java:1)
    at java.util.concurrent.FutureTask$Sync.innerRun(Unknown Source)
    at java.util.concurrent.FutureTask.run(Unknown Source)
    at java.util.concurrent.ThreadPoolExecutor$Worker.runTask(Unknown Source)
    at java.util.concurrent.ThreadPoolExecutor$Worker.run(Unknown Source)
    at java.lang.Thread.run(Unknown Source)

      - java.util.concurrent.locks.ReentrantLock$NonfairSync@1c6e8a4

"MainThread 1@API_ROS2_Sunrise.AutomaticResumeBackgroundTask@SunriseProject" Id=427 in WAITING on lock=java.util.concurrent.FutureTask$Sync@1715ee3
    at sun.misc.Unsafe.park(Native Method)
    at java.util.concurrent.locks.LockSupport.park(Unknown Source)
    at java.util.concurrent.locks.AbstractQueuedSynchronizer.parkAndCheckInterrupt(Unknown Source)
    at java.util.concurrent.locks.AbstractQueuedSynchronizer.doAcquireSharedInterruptibly(Unknown Source)
    at java.util.concurrent.locks.AbstractQueuedSynchronizer.acquireSharedInterruptibly(Unknown Source)
    at java.util.concurrent.FutureTask$Sync.innerGet(Unknown Source)
    at java.util.concurrent.FutureTask.get(Unknown Source)
    at com.kuka.task.internal.TaskInstanceManagementThread.callRunMethod(TaskInstanceManagementThread.java:594)
    at com.kuka.task.internal.TaskInstanceManagementThread.runAndDisposeUserTask(TaskInstanceManagementThread.java:264)
    at com.kuka.task.internal.TaskInstanceManagementThread.runUserTask(TaskInstanceManagementThread.java:225)
    at com.kuka.task.internal.TaskInstanceManagementThread.run(TaskInstanceManagementThread.java:154)
    at java.lang.Thread.run(Unknown Source)


"pool-Event Executor for State events worker for task instance 1@API_ROS2_Sunrise.AutomaticResumeBackgroundTask@SunriseProject-thread-1" Id=428 in WAITING on lock=java.util.concurrent.locks.AbstractQueuedSynchronizer$ConditionObject@c9d50
    at sun.misc.Unsafe.park(Native Method)
    at java.util.concurrent.locks.LockSupport.park(Unknown Source)
    at java.util.concurrent.locks.AbstractQueuedSynchronizer$ConditionObject.await(Unknown Source)
    at java.util.concurrent.LinkedBlockingQueue.take(Unknown Source)
    at java.util.concurrent.ThreadPoolExecutor.getTask(Unknown Source)
    at java.util.concurrent.ThreadPoolExecutor$Worker.run(Unknown Source)
    at java.lang.Thread.run(Unknown Source)


"pool-FileWatcher for RoboticsAPI.data.xml-thread-1" Id=426 in TIMED_WAITING on lock=java.util.concurrent.locks.AbstractQueuedSynchronizer$ConditionObject@2bf143
    at sun.misc.Unsafe.park(Native Method)
    at java.util.concurrent.locks.LockSupport.parkNanos(Unknown Source)
    at java.util.concurrent.locks.AbstractQueuedSynchronizer$ConditionObject.awaitNanos(Unknown Source)
    at java.util.concurrent.DelayQueue.take(Unknown Source)
    at java.util.concurrent.ScheduledThreadPoolExecutor$DelayedWorkQueue.take(Unknown Source)
    at java.util.concurrent.ScheduledThreadPoolExecutor$DelayedWorkQueue.take(Unknown Source)
    at java.util.concurrent.ThreadPoolExecutor.getTask(Unknown Source)
    at java.util.concurrent.ThreadPoolExecutor$Worker.run(Unknown Source)
    at java.lang.Thread.run(Unknown Source)


"ControlPanelLEDService-TaskThread-2" Id=356 in TIMED_WAITING
    at java.lang.Thread.sleep(Native Method)
    at com.kuka.util.ThreadUtil.milliSleep(ThreadUtil.java:40)
    at com.kuka.service.controlPanel.internal.controlPanelManager.task.BlinkingPlayButtonLEDTask.run(BlinkingPlayButtonLEDTask.java:28)
    at java.util.concurrent.Executors$RunnableAdapter.call(Unknown Source)
    at java.util.concurrent.FutureTask$Sync.innerRunAndReset(Unknown Source)
    at java.util.concurrent.FutureTask.runAndReset(Unknown Source)
    at java.util.concurrent.ScheduledThreadPoolExecutor$ScheduledFutureTask.access$101(Unknown Source)
    at java.util.concurrent.ScheduledThreadPoolExecutor$ScheduledFutureTask.runPeriodic(Unknown Source)
    at java.util.concurrent.ScheduledThreadPoolExecutor$ScheduledFutureTask.run(Unknown Source)
    at java.util.concurrent.ThreadPoolExecutor$Worker.runTask(Unknown Source)
    at java.util.concurrent.ThreadPoolExecutor$Worker.run(Unknown Source)
    at java.lang.Thread.run(Unknown Source)

      - java.util.concurrent.locks.ReentrantLock$NonfairSync@ec92ee

"pool-ApplicationServerService-thread-1" Id=354 in WAITING on lock=java.util.concurrent.locks.AbstractQueuedSynchronizer$ConditionObject@17a2d2f
    at sun.misc.Unsafe.park(Native Method)
    at java.util.concurrent.locks.LockSupport.park(Unknown Source)
    at java.util.concurrent.locks.AbstractQueuedSynchronizer$ConditionObject.await(Unknown Source)
    at java.util.concurrent.LinkedBlockingQueue.take(Unknown Source)
    at java.util.concurrent.ThreadPoolExecutor.getTask(Unknown Source)
    at java.util.concurrent.ThreadPoolExecutor$Worker.run(Unknown Source)
    at java.lang.Thread.run(Unknown Source)


"RMI Scheduler(0)" Id=284 in TIMED_WAITING on lock=java.util.concurrent.locks.AbstractQueuedSynchronizer$ConditionObject@17e49f1
    at sun.misc.Unsafe.park(Native Method)
    at java.util.concurrent.locks.LockSupport.parkNanos(Unknown Source)
    at java.util.concurrent.locks.AbstractQueuedSynchronizer$ConditionObject.awaitNanos(Unknown Source)
    at java.util.concurrent.DelayQueue.take(Unknown Source)
    at java.util.concurrent.ScheduledThreadPoolExecutor$DelayedWorkQueue.take(Unknown Source)
    at java.util.concurrent.ScheduledThreadPoolExecutor$DelayedWorkQueue.take(Unknown Source)
    at java.util.concurrent.ThreadPoolExecutor.getTask(Unknown Source)
    at java.util.concurrent.ThreadPoolExecutor$Worker.run(Unknown Source)
    at java.lang.Thread.run(Unknown Source)


"RMI TCP Accept-0" Id=282 in RUNNABLE (running in native)
    at java.net.PlainSocketImpl.socketAccept(Native Method)
    at java.net.PlainSocketImpl.accept(Unknown Source)
      - locked java.net.SocksSocketImpl@155634
    at java.net.ServerSocket.implAccept(Unknown Source)
    at java.net.ServerSocket.accept(Unknown Source)
    at sun.management.jmxremote.LocalRMIServerSocketFactory$1.accept(Unknown Source)
    at sun.rmi.transport.tcp.TCPTransport$AcceptLoop.executeAcceptLoop(Unknown Source)
    at sun.rmi.transport.tcp.TCPTransport$AcceptLoop.run(Unknown Source)
    at java.lang.Thread.run(Unknown Source)


"pool-ServiceRegistration method executor for Service: DiagnosisService-thread-1" Id=277 in RUNNABLE (running in native)
    at java.lang.ProcessImpl.waitFor(Native Method)
    at com.kuka.windows.ShellCommander.execute(ShellCommander.java:41)
    at com.kuka.roboticsAPI.applicationServer.services.diagnosisService.internal.DiagnosisService.createDiagnosisPackage(DiagnosisService.java:78)
    at sun.reflect.NativeMethodAccessorImpl.invoke0(Native Method)
    at sun.reflect.NativeMethodAccessorImpl.invoke(Unknown Source)
    at sun.reflect.DelegatingMethodAccessorImpl.invoke(Unknown Source)
    at java.lang.reflect.Method.invoke(Unknown Source)
    at com.kuka.publishing.ncf.contracts.MethodContract.invoke(MethodContract.java:95)
    at com.kuka.publishing.ncf.messages.MethodInvoker.run(MethodInvoker.java:36)
    at java.util.concurrent.ThreadPoolExecutor$Worker.runTask(Unknown Source)
    at java.util.concurrent.ThreadPoolExecutor$Worker.run(Unknown Source)
    at java.lang.Thread.run(Unknown Source)

      - java.util.concurrent.locks.ReentrantLock$NonfairSync@117181f

"JDWP Transport Listener: dt_socket" Id=255 in RUNNABLE (running in native)


"pool-6-thread-1" Id=218 in TIMED_WAITING
    at java.lang.Thread.sleep(Native Method)
    at com.kuka.roboticsAPI.applicationServer.services.ledStripService.mobilePlatform.internal.effectControllers.AbstractLEDStripEffectController.trySleep(AbstractLEDStripEffectController.java:53)
    at com.kuka.roboticsAPI.applicationServer.services.ledStripService.mobilePlatform.internal.effectControllers.AbstractLEDStripEffectController.run(AbstractLEDStripEffectController.java:39)
    at java.util.concurrent.Executors$RunnableAdapter.call(Unknown Source)
    at java.util.concurrent.FutureTask$Sync.innerRun(Unknown Source)
    at java.util.concurrent.FutureTask.run(Unknown Source)
    at java.util.concurrent.ThreadPoolExecutor$Worker.runTask(Unknown Source)
    at java.util.concurrent.ThreadPoolExecutor$Worker.run(Unknown Source)
    at java.lang.Thread.run(Unknown Source)

      - java.util.concurrent.locks.ReentrantLock$NonfairSync@130c9f1

"pool-7-thread-1" Id=217 in TIMED_WAITING on lock=java.util.concurrent.locks.AbstractQueuedSynchronizer$ConditionObject@1a12c1
    at sun.misc.Unsafe.park(Native Method)
    at java.util.concurrent.locks.LockSupport.parkNanos(Unknown Source)
    at java.util.concurrent.locks.AbstractQueuedSynchronizer$ConditionObject.awaitNanos(Unknown Source)
    at java.util.concurrent.DelayQueue.take(Unknown Source)
    at java.util.concurrent.ScheduledThreadPoolExecutor$DelayedWorkQueue.take(Unknown Source)
    at java.util.concurrent.ScheduledThreadPoolExecutor$DelayedWorkQueue.take(Unknown Source)
    at java.util.concurrent.ThreadPoolExecutor.getTask(Unknown Source)
    at java.util.concurrent.ThreadPoolExecutor$Worker.run(Unknown Source)
    at java.lang.Thread.run(Unknown Source)


"ControlPanelLEDService-TaskThread-1" Id=216 in WAITING on lock=java.util.concurrent.locks.AbstractQueuedSynchronizer$ConditionObject@d664e5
    at sun.misc.Unsafe.park(Native Method)
    at java.util.concurrent.locks.LockSupport.park(Unknown Source)
    at java.util.concurrent.locks.AbstractQueuedSynchronizer$ConditionObject.await(Unknown Source)
    at java.util.concurrent.DelayQueue.take(Unknown Source)
    at java.util.concurrent.ScheduledThreadPoolExecutor$DelayedWorkQueue.take(Unknown Source)
    at java.util.concurrent.ScheduledThreadPoolExecutor$DelayedWorkQueue.take(Unknown Source)
    at java.util.concurrent.ThreadPoolExecutor.getTask(Unknown Source)
    at java.util.concurrent.ThreadPoolExecutor$Worker.run(Unknown Source)
    at java.lang.Thread.run(Unknown Source)


"pool-SafetyStopSignalEvents-thread-1" Id=171 in WAITING on lock=java.util.concurrent.locks.AbstractQueuedSynchronizer$ConditionObject@147bae8
    at sun.misc.Unsafe.park(Native Method)
    at java.util.concurrent.locks.LockSupport.park(Unknown Source)
    at java.util.concurrent.locks.AbstractQueuedSynchronizer$ConditionObject.await(Unknown Source)
    at java.util.concurrent.LinkedBlockingQueue.take(Unknown Source)
    at java.util.concurrent.ThreadPoolExecutor.getTask(Unknown Source)
    at java.util.concurrent.ThreadPoolExecutor$Worker.run(Unknown Source)
    at java.lang.Thread.run(Unknown Source)


"pool-ControllerStateEvents-thread-1" Id=169 in WAITING on lock=java.util.concurrent.locks.AbstractQueuedSynchronizer$ConditionObject@736f6
    at sun.misc.Unsafe.park(Native Method)
    at java.util.concurrent.locks.LockSupport.park(Unknown Source)
    at java.util.concurrent.locks.AbstractQueuedSynchronizer$ConditionObject.await(Unknown Source)
    at java.util.concurrent.LinkedBlockingQueue.take(Unknown Source)
    at java.util.concurrent.ThreadPoolExecutor.getTask(Unknown Source)
    at java.util.concurrent.ThreadPoolExecutor$Worker.run(Unknown Source)
    at java.lang.Thread.run(Unknown Source)


"pool-ServiceRegistration method executor for Service: DebuggingService-thread-1" Id=167 in WAITING on lock=java.util.concurrent.locks.AbstractQueuedSynchronizer$ConditionObject@1a97a8c
    at sun.misc.Unsafe.park(Native Method)
    at java.util.concurrent.locks.LockSupport.park(Unknown Source)
    at java.util.concurrent.locks.AbstractQueuedSynchronizer$ConditionObject.await(Unknown Source)
    at java.util.concurrent.LinkedBlockingQueue.take(Unknown Source)
    at java.util.concurrent.ThreadPoolExecutor.getTask(Unknown Source)
    at java.util.concurrent.ThreadPoolExecutor$Worker.run(Unknown Source)
    at java.lang.Thread.run(Unknown Source)


"JGit-AlarmQueue" Id=145 in WAITING on lock=java.util.concurrent.locks.AbstractQueuedSynchronizer$ConditionObject@14061f9
    at sun.misc.Unsafe.park(Native Method)
    at java.util.concurrent.locks.LockSupport.park(Unknown Source)
    at java.util.concurrent.locks.AbstractQueuedSynchronizer$ConditionObject.await(Unknown Source)
    at java.util.concurrent.DelayQueue.take(Unknown Source)
    at java.util.concurrent.ScheduledThreadPoolExecutor$DelayedWorkQueue.take(Unknown Source)
    at java.util.concurrent.ScheduledThreadPoolExecutor$DelayedWorkQueue.take(Unknown Source)
    at java.util.concurrent.ThreadPoolExecutor.getTask(Unknown Source)
    at java.util.concurrent.ThreadPoolExecutor$Worker.run(Unknown Source)
    at java.lang.Thread.run(Unknown Source)


"pool-MasteringFeature-thread-1" Id=144 in WAITING on lock=java.util.concurrent.locks.AbstractQueuedSynchronizer$ConditionObject@1e05243
    at sun.misc.Unsafe.park(Native Method)
    at java.util.concurrent.locks.LockSupport.park(Unknown Source)
    at java.util.concurrent.locks.AbstractQueuedSynchronizer$ConditionObject.await(Unknown Source)
    at java.util.concurrent.LinkedBlockingQueue.take(Unknown Source)
    at java.util.concurrent.ThreadPoolExecutor.getTask(Unknown Source)
    at java.util.concurrent.ThreadPoolExecutor$Worker.run(Unknown Source)
    at java.lang.Thread.run(Unknown Source)


"pool-5-thread-1" Id=142 in WAITING on lock=java.util.concurrent.locks.AbstractQueuedSynchronizer$ConditionObject@38c43c
    at sun.misc.Unsafe.park(Native Method)
    at java.util.concurrent.locks.LockSupport.park(Unknown Source)
    at java.util.concurrent.locks.AbstractQueuedSynchronizer$ConditionObject.await(Unknown Source)
    at java.util.concurrent.LinkedBlockingQueue.take(Unknown Source)
    at java.util.concurrent.ThreadPoolExecutor.getTask(Unknown Source)
    at java.util.concurrent.ThreadPoolExecutor$Worker.run(Unknown Source)
    at java.lang.Thread.run(Unknown Source)


"FleetStateListenerExecutor" Id=136 in WAITING on lock=java.util.concurrent.locks.AbstractQueuedSynchronizer$ConditionObject@db7184
    at sun.misc.Unsafe.park(Native Method)
    at java.util.concurrent.locks.LockSupport.park(Unknown Source)
    at java.util.concurrent.locks.AbstractQueuedSynchronizer$ConditionObject.await(Unknown Source)
    at java.util.concurrent.LinkedBlockingQueue.take(Unknown Source)
    at java.util.concurrent.ThreadPoolExecutor.getTask(Unknown Source)
    at java.util.concurrent.ThreadPoolExecutor$Worker.run(Unknown Source)
    at java.lang.Thread.run(Unknown Source)


"MobileRobotsPool-1" Id=135 in TIMED_WAITING on lock=java.util.concurrent.locks.AbstractQueuedSynchronizer$ConditionObject@f9d126
    at sun.misc.Unsafe.park(Native Method)
    at java.util.concurrent.locks.LockSupport.parkNanos(Unknown Source)
    at java.util.concurrent.locks.AbstractQueuedSynchronizer$ConditionObject.awaitNanos(Unknown Source)
    at java.util.concurrent.DelayQueue.take(Unknown Source)
    at java.util.concurrent.ScheduledThreadPoolExecutor$DelayedWorkQueue.take(Unknown Source)
    at java.util.concurrent.ScheduledThreadPoolExecutor$DelayedWorkQueue.take(Unknown Source)
    at java.util.concurrent.ThreadPoolExecutor.getTask(Unknown Source)
    at java.util.concurrent.ThreadPoolExecutor$Worker.run(Unknown Source)
    at java.lang.Thread.run(Unknown Source)


"MobileRobotsPool-0" Id=134 in TIMED_WAITING on lock=java.util.concurrent.locks.AbstractQueuedSynchronizer$ConditionObject@f9d126
    at sun.misc.Unsafe.park(Native Method)
    at java.util.concurrent.locks.LockSupport.parkNanos(Unknown Source)
    at java.util.concurrent.locks.AbstractQueuedSynchronizer$ConditionObject.awaitNanos(Unknown Source)
    at java.util.concurrent.DelayQueue.take(Unknown Source)
    at java.util.concurrent.ScheduledThreadPoolExecutor$DelayedWorkQueue.take(Unknown Source)
    at java.util.concurrent.ScheduledThreadPoolExecutor$DelayedWorkQueue.take(Unknown Source)
    at java.util.concurrent.ThreadPoolExecutor.getTask(Unknown Source)
    at java.util.concurrent.ThreadPoolExecutor$Worker.run(Unknown Source)
    at java.lang.Thread.run(Unknown Source)


"Worker-1" Id=133 in TIMED_WAITING on lock=org.eclipse.core.internal.jobs.WorkerPool@1122bd4
    at java.lang.Object.wait(Native Method)
    at org.eclipse.core.internal.jobs.WorkerPool.sleep(WorkerPool.java:188)
    at org.eclipse.core.internal.jobs.WorkerPool.startJob(WorkerPool.java:220)
    at org.eclipse.core.internal.jobs.Worker.run(Worker.java:50)


"pool-ServiceRegistration method executor for Service: DeploymentService-thread-1" Id=132 in WAITING on lock=java.util.concurrent.locks.AbstractQueuedSynchronizer$ConditionObject@1fba85e
    at sun.misc.Unsafe.park(Native Method)
    at java.util.concurrent.locks.LockSupport.park(Unknown Source)
    at java.util.concurrent.locks.AbstractQueuedSynchronizer$ConditionObject.await(Unknown Source)
    at java.util.concurrent.LinkedBlockingQueue.take(Unknown Source)
    at java.util.concurrent.ThreadPoolExecutor.getTask(Unknown Source)
    at java.util.concurrent.ThreadPoolExecutor$Worker.run(Unknown Source)
    at java.lang.Thread.run(Unknown Source)


"Provisioning Event Dispatcher" Id=128 in WAITING on lock=org.eclipse.osgi.framework.eventmgr.EventManager$EventThread@ead944
    at java.lang.Object.wait(Native Method)
    at java.lang.Object.wait(Object.java:485)
    at org.eclipse.osgi.framework.eventmgr.EventManager$EventThread.getNextEvent(EventManager.java:400)
    at org.eclipse.osgi.framework.eventmgr.EventManager$EventThread.run(EventManager.java:336)


"Worker-0" Id=127 in TIMED_WAITING on lock=org.eclipse.core.internal.jobs.WorkerPool@1122bd4
    at java.lang.Object.wait(Native Method)
    at org.eclipse.core.internal.jobs.WorkerPool.sleep(WorkerPool.java:188)
    at org.eclipse.core.internal.jobs.WorkerPool.startJob(WorkerPool.java:220)
    at org.eclipse.core.internal.jobs.Worker.run(Worker.java:50)


"TcpConn" Id=126 in RUNNABLE (running in native)
    at java.net.SocketInputStream.socketRead0(Native Method)
    at java.net.SocketInputStream.read(Unknown Source)
    at com.kuka.comm.net.TcpConnection.connectionThread(TcpConnection.java:356)
    at com.kuka.comm.net.TcpConnection.access$1(TcpConnection.java:312)
    at com.kuka.comm.net.TcpConnection$1.run(TcpConnection.java:196)
    at java.lang.Thread.run(Unknown Source)


"pool-Event worker for AnyEdge listener for 'IORangeCondition: minIOValue (-1.0E-5) =< Value of Theta <= maxIOValue (1.0E-5)'-thread-1" Id=122 in WAITING on lock=java.util.concurrent.locks.AbstractQueuedSynchronizer$ConditionObject@5e1458
    at sun.misc.Unsafe.park(Native Method)
    at java.util.concurrent.locks.LockSupport.park(Unknown Source)
    at java.util.concurrent.locks.AbstractQueuedSynchronizer$ConditionObject.await(Unknown Source)
    at java.util.concurrent.LinkedBlockingQueue.take(Unknown Source)
    at java.util.concurrent.ThreadPoolExecutor.getTask(Unknown Source)
    at java.util.concurrent.ThreadPoolExecutor$Worker.run(Unknown Source)
    at java.lang.Thread.run(Unknown Source)


"pool-Event worker for AnyEdge listener for 'IORangeCondition: minIOValue (-1.0E-5) =< Value of Y <= maxIOValue (1.0E-5)'-thread-1" Id=121 in WAITING on lock=java.util.concurrent.locks.AbstractQueuedSynchronizer$ConditionObject@89c7a7
    at sun.misc.Unsafe.park(Native Method)
    at java.util.concurrent.locks.LockSupport.park(Unknown Source)
    at java.util.concurrent.locks.AbstractQueuedSynchronizer$ConditionObject.await(Unknown Source)
    at java.util.concurrent.LinkedBlockingQueue.take(Unknown Source)
    at java.util.concurrent.ThreadPoolExecutor.getTask(Unknown Source)
    at java.util.concurrent.ThreadPoolExecutor$Worker.run(Unknown Source)
    at java.lang.Thread.run(Unknown Source)


"pool-Event worker for AnyEdge listener for 'IORangeCondition: minIOValue (-1.0E-5) =< Value of X <= maxIOValue (1.0E-5)'-thread-1" Id=120 in WAITING on lock=java.util.concurrent.locks.AbstractQueuedSynchronizer$ConditionObject@192b49a
    at sun.misc.Unsafe.park(Native Method)
    at java.util.concurrent.locks.LockSupport.park(Unknown Source)
    at java.util.concurrent.locks.AbstractQueuedSynchronizer$ConditionObject.await(Unknown Source)
    at java.util.concurrent.LinkedBlockingQueue.take(Unknown Source)
    at java.util.concurrent.ThreadPoolExecutor.getTask(Unknown Source)
    at java.util.concurrent.ThreadPoolExecutor$Worker.run(Unknown Source)
    at java.lang.Thread.run(Unknown Source)


"pool-Event worker for AnyEdge listener for 'IORangeCondition: minIOValue (1.5) =< Value of Mode <= maxIOValue (10.5)'-thread-1" Id=118 in WAITING on lock=java.util.concurrent.locks.AbstractQueuedSynchronizer$ConditionObject@8f1f95
    at sun.misc.Unsafe.park(Native Method)
    at java.util.concurrent.locks.LockSupport.park(Unknown Source)
    at java.util.concurrent.locks.AbstractQueuedSynchronizer$ConditionObject.await(Unknown Source)
    at java.util.concurrent.LinkedBlockingQueue.take(Unknown Source)
    at java.util.concurrent.ThreadPoolExecutor.getTask(Unknown Source)
    at java.util.concurrent.ThreadPoolExecutor$Worker.run(Unknown Source)
    at java.lang.Thread.run(Unknown Source)


"pool-17-thread-1" Id=117 in WAITING on lock=java.util.concurrent.locks.AbstractQueuedSynchronizer$ConditionObject@629884
    at sun.misc.Unsafe.park(Native Method)
    at java.util.concurrent.locks.LockSupport.park(Unknown Source)
    at java.util.concurrent.locks.AbstractQueuedSynchronizer$ConditionObject.await(Unknown Source)
    at java.util.concurrent.DelayQueue.take(Unknown Source)
    at java.util.concurrent.ScheduledThreadPoolExecutor$DelayedWorkQueue.take(Unknown Source)
    at java.util.concurrent.ScheduledThreadPoolExecutor$DelayedWorkQueue.take(Unknown Source)
    at java.util.concurrent.ThreadPoolExecutor.getTask(Unknown Source)
    at java.util.concurrent.ThreadPoolExecutor$Worker.run(Unknown Source)
    at java.lang.Thread.run(Unknown Source)


"pool-Event worker for AnyEdge listener for 'IORangeCondition: minIOValue (0.5) =< Value of Mode <= maxIOValue (1.5)'-thread-1" Id=116 in WAITING on lock=java.util.concurrent.locks.AbstractQueuedSynchronizer$ConditionObject@10b3599
    at sun.misc.Unsafe.park(Native Method)
    at java.util.concurrent.locks.LockSupport.park(Unknown Source)
    at java.util.concurrent.locks.AbstractQueuedSynchronizer$ConditionObject.await(Unknown Source)
    at java.util.concurrent.LinkedBlockingQueue.take(Unknown Source)
    at java.util.concurrent.ThreadPoolExecutor.getTask(Unknown Source)
    at java.util.concurrent.ThreadPoolExecutor$Worker.run(Unknown Source)
    at java.lang.Thread.run(Unknown Source)


"pool-15-thread-1" Id=115 in TIMED_WAITING on lock=java.util.concurrent.CountDownLatch$Sync@15458d4
    at sun.misc.Unsafe.park(Native Method)
    at java.util.concurrent.locks.LockSupport.parkNanos(Unknown Source)
    at java.util.concurrent.locks.AbstractQueuedSynchronizer.doAcquireSharedNanos(Unknown Source)
    at java.util.concurrent.locks.AbstractQueuedSynchronizer.tryAcquireSharedNanos(Unknown Source)
    at java.util.concurrent.CountDownLatch.await(Unknown Source)
    at com.kuka.roboticsAPI.controllerModel.sunrise.api.SSR.await(SSR.java:188)
    at com.kuka.roboticsAPI.controllerModel.sunrise.api.SSR.await(SSR.java:168)
    at com.kuka.roboticsAPI.controllerModel.sunrise.SunriseRequestService.sendSynchronousSSR(SunriseRequestService.java:1076)
    at com.kuka.roboticsAPI.controllerModel.sunrise.SunriseRequestService.readIOValueAndSetRequestResult(SunriseRequestService.java:817)
    at com.kuka.roboticsAPI.controllerModel.sunrise.SunriseRequestService.onPerformRequest(SunriseRequestService.java:1298)
    at com.kuka.roboticsAPI.controllerModel.RequestService.performDefaultHandling(RequestService.java:154)
    at com.kuka.roboticsAPI.controllerModel.RequestService.performRequest(RequestService.java:122)
    at com.kuka.roboticsAPI.ioModel.AbstractIO.getIOValue(AbstractIO.java:113)
    at com.kuka.roboticsAPI.ioModel.AbstractIO.getBooleanIOValue(AbstractIO.java:183)
    at com.kuka.nav.kmp.omnimove.basedriver.state.provider.motion.MotionAllowedProvider.updateState(MotionAllowedProvider.java:31)
    at com.kuka.nav.kmp.omnimove.basedriver.state.PlatformStateUpdater.updateStates(PlatformStateUpdater.java:96)
    at com.kuka.nav.kmp.omnimove.basedriver.internal.KMPomniMoveBaseDriver.updateSafetyStateAndStatesWithoutListener(KMPomniMoveBaseDriver.java:213)
      - locked com.kuka.nav.kmp.omnimove.basedriver.internal.KMPomniMoveBaseDriver@1a25e4c
    at com.kuka.nav.kmp.omnimove.basedriver.internal.KMPomniMoveBaseDriver.cyclicStateRefresh(KMPomniMoveBaseDriver.java:296)
    at com.kuka.nav.kmp.omnimove.basedriver.internal.KMPomniMoveBaseDriver.access$1(KMPomniMoveBaseDriver.java:292)
    at com.kuka.nav.kmp.omnimove.basedriver.internal.KMPomniMoveBaseDriver$3.run(KMPomniMoveBaseDriver.java:287)
    at java.util.concurrent.Executors$RunnableAdapter.call(Unknown Source)
    at java.util.concurrent.FutureTask$Sync.innerRunAndReset(Unknown Source)
    at java.util.concurrent.FutureTask.runAndReset(Unknown Source)
    at java.util.concurrent.ScheduledThreadPoolExecutor$ScheduledFutureTask.access$101(Unknown Source)
    at java.util.concurrent.ScheduledThreadPoolExecutor$ScheduledFutureTask.runPeriodic(Unknown Source)
    at java.util.concurrent.ScheduledThreadPoolExecutor$ScheduledFutureTask.run(Unknown Source)
    at java.util.concurrent.ThreadPoolExecutor$Worker.runTask(Unknown Source)
    at java.util.concurrent.ThreadPoolExecutor$Worker.run(Unknown Source)
    at java.lang.Thread.run(Unknown Source)

      - java.util.concurrent.locks.ReentrantLock$NonfairSync@dd00a1

"ServerThread" Id=114 in RUNNABLE (running in native)
    at java.net.PlainSocketImpl.socketAccept(Native Method)
    at java.net.PlainSocketImpl.accept(Unknown Source)
      - locked java.net.SocksSocketImpl@41f6cc
    at java.net.ServerSocket.implAccept(Unknown Source)
    at java.net.ServerSocket.accept(Unknown Source)
    at com.kuka.comm.net.TcpServer.serverThread(TcpServer.java:181)
    at com.kuka.comm.AbstractThreadedServer$1.run(AbstractThreadedServer.java:35)
    at java.lang.Thread.run(Unknown Source)


"pool-ServiceRegistration method executor for Service: BackupManagerService-thread-1" Id=112 in WAITING on lock=java.util.concurrent.locks.AbstractQueuedSynchronizer$ConditionObject@b1dfba
    at sun.misc.Unsafe.park(Native Method)
    at java.util.concurrent.locks.LockSupport.park(Unknown Source)
    at java.util.concurrent.locks.AbstractQueuedSynchronizer$ConditionObject.await(Unknown Source)
    at java.util.concurrent.LinkedBlockingQueue.take(Unknown Source)
    at java.util.concurrent.ThreadPoolExecutor.getTask(Unknown Source)
    at java.util.concurrent.ThreadPoolExecutor$Worker.run(Unknown Source)
    at java.lang.Thread.run(Unknown Source)


"pool-ServiceRegistration method executor for Service: ProjectService-thread-1" Id=111 in WAITING on lock=java.util.concurrent.locks.AbstractQueuedSynchronizer$ConditionObject@1d72db7
    at sun.misc.Unsafe.park(Native Method)
    at java.util.concurrent.locks.LockSupport.park(Unknown Source)
    at java.util.concurrent.locks.AbstractQueuedSynchronizer$ConditionObject.await(Unknown Source)
    at java.util.concurrent.LinkedBlockingQueue.take(Unknown Source)
    at java.util.concurrent.ThreadPoolExecutor.getTask(Unknown Source)
    at java.util.concurrent.ThreadPoolExecutor$Worker.run(Unknown Source)
    at java.lang.Thread.run(Unknown Source)


"pool-14-thread-1" Id=110 in TIMED_WAITING on lock=java.util.concurrent.locks.AbstractQueuedSynchronizer$ConditionObject@1fa80b0
    at sun.misc.Unsafe.park(Native Method)
    at java.util.concurrent.locks.LockSupport.parkNanos(Unknown Source)
    at java.util.concurrent.locks.AbstractQueuedSynchronizer$ConditionObject.awaitNanos(Unknown Source)
    at java.util.concurrent.DelayQueue.take(Unknown Source)
    at java.util.concurrent.ScheduledThreadPoolExecutor$DelayedWorkQueue.take(Unknown Source)
    at java.util.concurrent.ScheduledThreadPoolExecutor$DelayedWorkQueue.take(Unknown Source)
    at java.util.concurrent.ThreadPoolExecutor.getTask(Unknown Source)
    at java.util.concurrent.ThreadPoolExecutor$Worker.run(Unknown Source)
    at java.lang.Thread.run(Unknown Source)


"UpdateEstimatesExecutor" Id=109 in TIMED_WAITING on lock=java.util.concurrent.locks.AbstractQueuedSynchronizer$ConditionObject@116e266
    at sun.misc.Unsafe.park(Native Method)
    at java.util.concurrent.locks.LockSupport.parkNanos(Unknown Source)
    at java.util.concurrent.locks.AbstractQueuedSynchronizer$ConditionObject.awaitNanos(Unknown Source)
    at java.util.concurrent.DelayQueue.take(Unknown Source)
    at java.util.concurrent.ScheduledThreadPoolExecutor$DelayedWorkQueue.take(Unknown Source)
    at java.util.concurrent.ScheduledThreadPoolExecutor$DelayedWorkQueue.take(Unknown Source)
    at java.util.concurrent.ThreadPoolExecutor.getTask(Unknown Source)
    at java.util.concurrent.ThreadPoolExecutor$Worker.run(Unknown Source)
    at java.lang.Thread.run(Unknown Source)


"pool-ServiceRegistration method executor for Service: ApplicationUIService-thread-1" Id=99 in WAITING on lock=java.util.concurrent.locks.AbstractQueuedSynchronizer$ConditionObject@169d5ac
    at sun.misc.Unsafe.park(Native Method)
    at java.util.concurrent.locks.LockSupport.park(Unknown Source)
    at java.util.concurrent.locks.AbstractQueuedSynchronizer$ConditionObject.await(Unknown Source)
    at java.util.concurrent.LinkedBlockingQueue.take(Unknown Source)
    at java.util.concurrent.ThreadPoolExecutor.getTask(Unknown Source)
    at java.util.concurrent.ThreadPoolExecutor$Worker.run(Unknown Source)
    at java.lang.Thread.run(Unknown Source)


"pool-ServiceRegistration method executor for Service: AppServer-thread-1" Id=95 in WAITING on lock=java.util.concurrent.locks.AbstractQueuedSynchronizer$ConditionObject@14b1d43
    at sun.misc.Unsafe.park(Native Method)
    at java.util.concurrent.locks.LockSupport.park(Unknown Source)
    at java.util.concurrent.locks.AbstractQueuedSynchronizer$ConditionObject.await(Unknown Source)
    at java.util.concurrent.LinkedBlockingQueue.take(Unknown Source)
    at java.util.concurrent.ThreadPoolExecutor.getTask(Unknown Source)
    at java.util.concurrent.ThreadPoolExecutor$Worker.run(Unknown Source)
    at java.lang.Thread.run(Unknown Source)


"Worker-JM" Id=94 in WAITING on lock=java.util.ArrayList@6e3b32
    at java.lang.Object.wait(Native Method)
    at org.eclipse.core.internal.jobs.InternalWorker.run(InternalWorker.java:58)


"pool-ServiceRegistration method executor for Service: MobilePlatformJogging-thread-1" Id=91 in WAITING on lock=java.util.concurrent.locks.AbstractQueuedSynchronizer$ConditionObject@f06561
    at sun.misc.Unsafe.park(Native Method)
    at java.util.concurrent.locks.LockSupport.park(Unknown Source)
    at java.util.concurrent.locks.AbstractQueuedSynchronizer$ConditionObject.await(Unknown Source)
    at java.util.concurrent.LinkedBlockingQueue.take(Unknown Source)
    at java.util.concurrent.ThreadPoolExecutor.getTask(Unknown Source)
    at java.util.concurrent.ThreadPoolExecutor$Worker.run(Unknown Source)
    at java.lang.Thread.run(Unknown Source)


"pool-ServiceRegistration method executor for Service: HandGuidingService-thread-1" Id=89 in WAITING on lock=java.util.concurrent.locks.AbstractQueuedSynchronizer$ConditionObject@8fd94d
    at sun.misc.Unsafe.park(Native Method)
    at java.util.concurrent.locks.LockSupport.park(Unknown Source)
    at java.util.concurrent.locks.AbstractQueuedSynchronizer$ConditionObject.await(Unknown Source)
    at java.util.concurrent.LinkedBlockingQueue.take(Unknown Source)
    at java.util.concurrent.ThreadPoolExecutor.getTask(Unknown Source)
    at java.util.concurrent.ThreadPoolExecutor$Worker.run(Unknown Source)
    at java.lang.Thread.run(Unknown Source)


"MobileRobotNCF" Id=88 in TIMED_WAITING on lock=java.util.concurrent.locks.AbstractQueuedSynchronizer$ConditionObject@354ac
    at sun.misc.Unsafe.park(Native Method)
    at java.util.concurrent.locks.LockSupport.parkNanos(Unknown Source)
    at java.util.concurrent.locks.AbstractQueuedSynchronizer$ConditionObject.awaitNanos(Unknown Source)
    at java.util.concurrent.DelayQueue.take(Unknown Source)
    at java.util.concurrent.ScheduledThreadPoolExecutor$DelayedWorkQueue.take(Unknown Source)
    at java.util.concurrent.ScheduledThreadPoolExecutor$DelayedWorkQueue.take(Unknown Source)
    at java.util.concurrent.ThreadPoolExecutor.getTask(Unknown Source)
    at java.util.concurrent.ThreadPoolExecutor$Worker.run(Unknown Source)
    at java.lang.Thread.run(Unknown Source)


"qtp10404369-87" Id=87 in TIMED_WAITING on lock=java.util.concurrent.locks.AbstractQueuedSynchronizer$ConditionObject@ac04ee
    at sun.misc.Unsafe.park(Native Method)
    at java.util.concurrent.locks.LockSupport.parkNanos(Unknown Source)
    at java.util.concurrent.locks.AbstractQueuedSynchronizer$ConditionObject.awaitNanos(Unknown Source)
    at org.eclipse.jetty.util.BlockingArrayQueue.poll(BlockingArrayQueue.java:342)
    at org.eclipse.jetty.util.thread.QueuedThreadPool.idleJobPoll(QueuedThreadPool.java:526)
    at org.eclipse.jetty.util.thread.QueuedThreadPool.access$600(QueuedThreadPool.java:44)
    at org.eclipse.jetty.util.thread.QueuedThreadPool$3.run(QueuedThreadPool.java:572)
    at java.lang.Thread.run(Unknown Source)


"qtp10404369-86" Id=86 in TIMED_WAITING on lock=java.util.concurrent.locks.AbstractQueuedSynchronizer$ConditionObject@ac04ee
    at sun.misc.Unsafe.park(Native Method)
    at java.util.concurrent.locks.LockSupport.parkNanos(Unknown Source)
    at java.util.concurrent.locks.AbstractQueuedSynchronizer$ConditionObject.awaitNanos(Unknown Source)
    at org.eclipse.jetty.util.BlockingArrayQueue.poll(BlockingArrayQueue.java:342)
    at org.eclipse.jetty.util.thread.QueuedThreadPool.idleJobPoll(QueuedThreadPool.java:526)
    at org.eclipse.jetty.util.thread.QueuedThreadPool.access$600(QueuedThreadPool.java:44)
    at org.eclipse.jetty.util.thread.QueuedThreadPool$3.run(QueuedThreadPool.java:572)
    at java.lang.Thread.run(Unknown Source)


"qtp10404369-85" Id=85 in TIMED_WAITING on lock=java.util.concurrent.locks.AbstractQueuedSynchronizer$ConditionObject@ac04ee
    at sun.misc.Unsafe.park(Native Method)
    at java.util.concurrent.locks.LockSupport.parkNanos(Unknown Source)
    at java.util.concurrent.locks.AbstractQueuedSynchronizer$ConditionObject.awaitNanos(Unknown Source)
    at org.eclipse.jetty.util.BlockingArrayQueue.poll(BlockingArrayQueue.java:342)
    at org.eclipse.jetty.util.thread.QueuedThreadPool.idleJobPoll(QueuedThreadPool.java:526)
    at org.eclipse.jetty.util.thread.QueuedThreadPool.access$600(QueuedThreadPool.java:44)
    at org.eclipse.jetty.util.thread.QueuedThreadPool$3.run(QueuedThreadPool.java:572)
    at java.lang.Thread.run(Unknown Source)


"qtp10404369-84" Id=84 in TIMED_WAITING on lock=java.util.concurrent.locks.AbstractQueuedSynchronizer$ConditionObject@ac04ee
    at sun.misc.Unsafe.park(Native Method)
    at java.util.concurrent.locks.LockSupport.parkNanos(Unknown Source)
    at java.util.concurrent.locks.AbstractQueuedSynchronizer$ConditionObject.awaitNanos(Unknown Source)
    at org.eclipse.jetty.util.BlockingArrayQueue.poll(BlockingArrayQueue.java:342)
    at org.eclipse.jetty.util.thread.QueuedThreadPool.idleJobPoll(QueuedThreadPool.java:526)
    at org.eclipse.jetty.util.thread.QueuedThreadPool.access$600(QueuedThreadPool.java:44)
    at org.eclipse.jetty.util.thread.QueuedThreadPool$3.run(QueuedThreadPool.java:572)
    at java.lang.Thread.run(Unknown Source)


"qtp10404369-83" Id=83 in TIMED_WAITING on lock=java.util.concurrent.locks.AbstractQueuedSynchronizer$ConditionObject@ac04ee
    at sun.misc.Unsafe.park(Native Method)
    at java.util.concurrent.locks.LockSupport.parkNanos(Unknown Source)
    at java.util.concurrent.locks.AbstractQueuedSynchronizer$ConditionObject.awaitNanos(Unknown Source)
    at org.eclipse.jetty.util.BlockingArrayQueue.poll(BlockingArrayQueue.java:342)
    at org.eclipse.jetty.util.thread.QueuedThreadPool.idleJobPoll(QueuedThreadPool.java:526)
    at org.eclipse.jetty.util.thread.QueuedThreadPool.access$600(QueuedThreadPool.java:44)
    at org.eclipse.jetty.util.thread.QueuedThreadPool$3.run(QueuedThreadPool.java:572)
    at java.lang.Thread.run(Unknown Source)


"qtp10404369-82" Id=82 in TIMED_WAITING on lock=java.util.concurrent.locks.AbstractQueuedSynchronizer$ConditionObject@ac04ee
    at sun.misc.Unsafe.park(Native Method)
    at java.util.concurrent.locks.LockSupport.parkNanos(Unknown Source)
    at java.util.concurrent.locks.AbstractQueuedSynchronizer$ConditionObject.awaitNanos(Unknown Source)
    at org.eclipse.jetty.util.BlockingArrayQueue.poll(BlockingArrayQueue.java:342)
    at org.eclipse.jetty.util.thread.QueuedThreadPool.idleJobPoll(QueuedThreadPool.java:526)
    at org.eclipse.jetty.util.thread.QueuedThreadPool.access$600(QueuedThreadPool.java:44)
    at org.eclipse.jetty.util.thread.QueuedThreadPool$3.run(QueuedThreadPool.java:572)
    at java.lang.Thread.run(Unknown Source)


"qtp10404369-81 Acceptor0 SelectChannelConnector@0.0.0.0:23457" Id=81 in RUNNABLE (running in native)
    at sun.nio.ch.ServerSocketChannelImpl.accept0(Native Method)
    at sun.nio.ch.ServerSocketChannelImpl.accept(Unknown Source)
      - locked java.lang.Object@177d7de
    at org.eclipse.jetty.server.nio.SelectChannelConnector.accept(SelectChannelConnector.java:109)
    at org.eclipse.jetty.server.AbstractConnector$Acceptor.run(AbstractConnector.java:938)
    at org.eclipse.jetty.util.thread.QueuedThreadPool.runJob(QueuedThreadPool.java:608)
    at org.eclipse.jetty.util.thread.QueuedThreadPool$3.run(QueuedThreadPool.java:543)
    at java.lang.Thread.run(Unknown Source)


"qtp10404369-80 Selector0" Id=80 in RUNNABLE (running in native)
    at sun.nio.ch.WindowsSelectorImpl$SubSelector.poll0(Native Method)
    at sun.nio.ch.WindowsSelectorImpl$SubSelector.poll(Unknown Source)
    at sun.nio.ch.WindowsSelectorImpl$SubSelector.access$400(Unknown Source)
    at sun.nio.ch.WindowsSelectorImpl.doSelect(Unknown Source)
    at sun.nio.ch.SelectorImpl.lockAndDoSelect(Unknown Source)
      - locked sun.nio.ch.Util$2@1d0b09e
      - locked java.util.Collections$UnmodifiableSet@10058ca
      - locked sun.nio.ch.WindowsSelectorImpl@12a85e0
    at sun.nio.ch.SelectorImpl.select(Unknown Source)
    at org.eclipse.jetty.io.nio.SelectorManager$SelectSet.doSelect(SelectorManager.java:569)
    at org.eclipse.jetty.io.nio.SelectorManager$1.run(SelectorManager.java:290)
    at org.eclipse.jetty.util.thread.QueuedThreadPool.runJob(QueuedThreadPool.java:608)
    at org.eclipse.jetty.util.thread.QueuedThreadPool$3.run(QueuedThreadPool.java:543)
    at java.lang.Thread.run(Unknown Source)


"HashSessionScavenger-0" Id=79 in TIMED_WAITING on lock=java.util.TaskQueue@bb64e9
    at java.lang.Object.wait(Native Method)
    at java.util.TimerThread.mainLoop(Unknown Source)
    at java.util.TimerThread.run(Unknown Source)


"ControlPanelLEDService-TaskThread-1" Id=78 in WAITING on lock=java.util.concurrent.locks.AbstractQueuedSynchronizer$ConditionObject@de069a
    at sun.misc.Unsafe.park(Native Method)
    at java.util.concurrent.locks.LockSupport.park(Unknown Source)
    at java.util.concurrent.locks.AbstractQueuedSynchronizer$ConditionObject.await(Unknown Source)
    at java.util.concurrent.LinkedBlockingQueue.take(Unknown Source)
    at java.util.concurrent.ThreadPoolExecutor.getTask(Unknown Source)
    at java.util.concurrent.ThreadPoolExecutor$Worker.run(Unknown Source)
    at java.lang.Thread.run(Unknown Source)


"RobotConnectionManager" Id=74 in TIMED_WAITING on lock=java.util.concurrent.locks.AbstractQueuedSynchronizer$ConditionObject@838fe3
    at sun.misc.Unsafe.park(Native Method)
    at java.util.concurrent.locks.LockSupport.parkNanos(Unknown Source)
    at java.util.concurrent.locks.AbstractQueuedSynchronizer$ConditionObject.awaitNanos(Unknown Source)
    at java.util.concurrent.DelayQueue.take(Unknown Source)
    at java.util.concurrent.ScheduledThreadPoolExecutor$DelayedWorkQueue.take(Unknown Source)
    at java.util.concurrent.ScheduledThreadPoolExecutor$DelayedWorkQueue.take(Unknown Source)
    at java.util.concurrent.ThreadPoolExecutor.getTask(Unknown Source)
    at java.util.concurrent.ThreadPoolExecutor$Worker.run(Unknown Source)
    at java.lang.Thread.run(Unknown Source)


"pool-ServiceRegistration method executor for Service: ControllerService-thread-1" Id=73 in WAITING on lock=java.util.concurrent.locks.AbstractQueuedSynchronizer$ConditionObject@15b8265
    at sun.misc.Unsafe.park(Native Method)
    at java.util.concurrent.locks.LockSupport.park(Unknown Source)
    at java.util.concurrent.locks.AbstractQueuedSynchronizer$ConditionObject.await(Unknown Source)
    at java.util.concurrent.LinkedBlockingQueue.take(Unknown Source)
    at java.util.concurrent.ThreadPoolExecutor.getTask(Unknown Source)
    at java.util.concurrent.ThreadPoolExecutor$Worker.run(Unknown Source)
    at java.lang.Thread.run(Unknown Source)


"DelayedOsgiServiceStarter<IControlPanelService>" Id=72 in WAITING on lock=java.util.concurrent.locks.AbstractQueuedSynchronizer$ConditionObject@cde2b8
    at sun.misc.Unsafe.park(Native Method)
    at java.util.concurrent.locks.LockSupport.park(Unknown Source)
    at java.util.concurrent.locks.AbstractQueuedSynchronizer$ConditionObject.await(Unknown Source)
    at java.util.concurrent.LinkedBlockingQueue.take(Unknown Source)
    at java.util.concurrent.ThreadPoolExecutor.getTask(Unknown Source)
    at java.util.concurrent.ThreadPoolExecutor$Worker.run(Unknown Source)
    at java.lang.Thread.run(Unknown Source)


"pool-ServiceRegistration method executor for Service: DataService-thread-1" Id=71 in WAITING on lock=java.util.concurrent.locks.AbstractQueuedSynchronizer$ConditionObject@dfa185
    at sun.misc.Unsafe.park(Native Method)
    at java.util.concurrent.locks.LockSupport.park(Unknown Source)
    at java.util.concurrent.locks.AbstractQueuedSynchronizer$ConditionObject.await(Unknown Source)
    at java.util.concurrent.LinkedBlockingQueue.take(Unknown Source)
    at java.util.concurrent.ThreadPoolExecutor.getTask(Unknown Source)
    at java.util.concurrent.ThreadPoolExecutor$Worker.run(Unknown Source)
    at java.lang.Thread.run(Unknown Source)


"pool-MobilePlatformEvents-thread-1" Id=70 in WAITING on lock=java.util.concurrent.locks.AbstractQueuedSynchronizer$ConditionObject@1e53ee8
    at sun.misc.Unsafe.park(Native Method)
    at java.util.concurrent.locks.LockSupport.park(Unknown Source)
    at java.util.concurrent.locks.AbstractQueuedSynchronizer$ConditionObject.await(Unknown Source)
    at java.util.concurrent.LinkedBlockingQueue.take(Unknown Source)
    at java.util.concurrent.ThreadPoolExecutor.getTask(Unknown Source)
    at java.util.concurrent.ThreadPoolExecutor$Worker.run(Unknown Source)
    at java.lang.Thread.run(Unknown Source)


"StateService-PollingTaskThread-1" Id=69 in WAITING on lock=java.util.concurrent.locks.AbstractQueuedSynchronizer$ConditionObject@184fb8c
    at sun.misc.Unsafe.park(Native Method)
    at java.util.concurrent.locks.LockSupport.park(Unknown Source)
    at java.util.concurrent.locks.AbstractQueuedSynchronizer$ConditionObject.await(Unknown Source)
    at java.util.concurrent.DelayQueue.take(Unknown Source)
    at java.util.concurrent.ScheduledThreadPoolExecutor$DelayedWorkQueue.take(Unknown Source)
    at java.util.concurrent.ScheduledThreadPoolExecutor$DelayedWorkQueue.take(Unknown Source)
    at java.util.concurrent.ThreadPoolExecutor.getTask(Unknown Source)
    at java.util.concurrent.ThreadPoolExecutor$Worker.run(Unknown Source)
    at java.lang.Thread.run(Unknown Source)


"StateService-PollingTaskThread-2" Id=68 in TIMED_WAITING on lock=java.util.concurrent.locks.AbstractQueuedSynchronizer$ConditionObject@19ebcb3
    at sun.misc.Unsafe.park(Native Method)
    at java.util.concurrent.locks.LockSupport.parkNanos(Unknown Source)
    at java.util.concurrent.locks.AbstractQueuedSynchronizer$ConditionObject.awaitNanos(Unknown Source)
    at java.util.concurrent.DelayQueue.take(Unknown Source)
    at java.util.concurrent.ScheduledThreadPoolExecutor$DelayedWorkQueue.take(Unknown Source)
    at java.util.concurrent.ScheduledThreadPoolExecutor$DelayedWorkQueue.take(Unknown Source)
    at java.util.concurrent.ThreadPoolExecutor.getTask(Unknown Source)
    at java.util.concurrent.ThreadPoolExecutor$Worker.run(Unknown Source)
    at java.lang.Thread.run(Unknown Source)


"StateService-PollingTaskThread-1" Id=67 in TIMED_WAITING on lock=java.util.concurrent.locks.AbstractQueuedSynchronizer$ConditionObject@19ebcb3
    at sun.misc.Unsafe.park(Native Method)
    at java.util.concurrent.locks.LockSupport.parkNanos(Unknown Source)
    at java.util.concurrent.locks.AbstractQueuedSynchronizer$ConditionObject.awaitNanos(Unknown Source)
    at java.util.concurrent.DelayQueue.take(Unknown Source)
    at java.util.concurrent.ScheduledThreadPoolExecutor$DelayedWorkQueue.take(Unknown Source)
    at java.util.concurrent.ScheduledThreadPoolExecutor$DelayedWorkQueue.take(Unknown Source)
    at java.util.concurrent.ThreadPoolExecutor.getTask(Unknown Source)
    at java.util.concurrent.ThreadPoolExecutor$Worker.run(Unknown Source)
    at java.lang.Thread.run(Unknown Source)


"StateService-PollingTaskThread-1" Id=66 in TIMED_WAITING on lock=java.util.concurrent.locks.AbstractQueuedSynchronizer$ConditionObject@76ae73
    at sun.misc.Unsafe.park(Native Method)
    at java.util.concurrent.locks.LockSupport.parkNanos(Unknown Source)
    at java.util.concurrent.locks.AbstractQueuedSynchronizer$ConditionObject.awaitNanos(Unknown Source)
    at java.util.concurrent.DelayQueue.take(Unknown Source)
    at java.util.concurrent.ScheduledThreadPoolExecutor$DelayedWorkQueue.take(Unknown Source)
    at java.util.concurrent.ScheduledThreadPoolExecutor$DelayedWorkQueue.take(Unknown Source)
    at java.util.concurrent.ThreadPoolExecutor.getTask(Unknown Source)
    at java.util.concurrent.ThreadPoolExecutor$Worker.run(Unknown Source)
    at java.lang.Thread.run(Unknown Source)


"DelayedOsgiServiceStarter<IInstallationManager>" Id=65 in WAITING on lock=java.util.concurrent.locks.AbstractQueuedSynchronizer$ConditionObject@1b736a0
    at sun.misc.Unsafe.park(Native Method)
    at java.util.concurrent.locks.LockSupport.park(Unknown Source)
    at java.util.concurrent.locks.AbstractQueuedSynchronizer$ConditionObject.await(Unknown Source)
    at java.util.concurrent.LinkedBlockingQueue.take(Unknown Source)
    at java.util.concurrent.ThreadPoolExecutor.getTask(Unknown Source)
    at java.util.concurrent.ThreadPoolExecutor$Worker.run(Unknown Source)
    at java.lang.Thread.run(Unknown Source)


"DelayedOsgiServiceStarter<IDeploymentManager>" Id=64 in WAITING on lock=java.util.concurrent.locks.AbstractQueuedSynchronizer$ConditionObject@1634d83
    at sun.misc.Unsafe.park(Native Method)
    at java.util.concurrent.locks.LockSupport.park(Unknown Source)
    at java.util.concurrent.locks.AbstractQueuedSynchronizer$ConditionObject.await(Unknown Source)
    at java.util.concurrent.LinkedBlockingQueue.take(Unknown Source)
    at java.util.concurrent.ThreadPoolExecutor.getTask(Unknown Source)
    at java.util.concurrent.ThreadPoolExecutor$Worker.run(Unknown Source)
    at java.lang.Thread.run(Unknown Source)


"pool-PublishToServiceProcessDataChangedHandler-thread-1" Id=63 in TIMED_WAITING on lock=java.util.concurrent.locks.AbstractQueuedSynchronizer$ConditionObject@75ebc3
    at sun.misc.Unsafe.park(Native Method)
    at java.util.concurrent.locks.LockSupport.parkNanos(Unknown Source)
    at java.util.concurrent.locks.AbstractQueuedSynchronizer$ConditionObject.awaitNanos(Unknown Source)
    at java.util.concurrent.DelayQueue.take(Unknown Source)
    at java.util.concurrent.ScheduledThreadPoolExecutor$DelayedWorkQueue.take(Unknown Source)
    at java.util.concurrent.ScheduledThreadPoolExecutor$DelayedWorkQueue.take(Unknown Source)
    at java.util.concurrent.ThreadPoolExecutor.getTask(Unknown Source)
    at java.util.concurrent.ThreadPoolExecutor$Worker.run(Unknown Source)
    at java.lang.Thread.run(Unknown Source)


"Thread-14" Id=62 in TIMED_WAITING
    at java.lang.Thread.sleep(Native Method)
    at com.kuka.appframework.service.internal.NotificationWorker$TimeSliceWorker.run(NotificationWorker.java:52)
    at java.lang.Thread.run(Unknown Source)


"com.google.inject.internal.util.$Finalizer" Id=61 in WAITING on lock=java.lang.ref.ReferenceQueue$Lock@1c95fdb
    at java.lang.Object.wait(Native Method)
    at java.lang.ref.ReferenceQueue.remove(Unknown Source)
    at java.lang.ref.ReferenceQueue.remove(Unknown Source)
    at com.google.inject.internal.util.$Finalizer.run(Finalizer.java:114)


"MulticastServer worker on 0.0.0.0/0.0.0.0:17135" Id=60 in RUNNABLE (running in native)
    at java.net.PlainDatagramSocketImpl.peekData(Native Method)
      - locked java.net.PlainDatagramSocketImpl@1b43224
    at java.net.DatagramSocket.receive(Unknown Source)
      - locked java.net.DatagramPacket@282aa7
      - locked java.net.MulticastSocket@1085ef3
    at com.kuka.nav.multicast.MulticastServer.receivePackets(MulticastServer.java:155)
    at com.kuka.nav.multicast.MulticastServer.threadRun(MulticastServer.java:130)
    at com.kuka.nav.multicast.MulticastServer.access$0(MulticastServer.java:126)
    at com.kuka.nav.multicast.MulticastServer$1.run(MulticastServer.java:71)
    at java.lang.Thread.run(Unknown Source)


"UdpReceiver 0" Id=59 in RUNNABLE (running in native)
    at java.net.PlainDatagramSocketImpl.receive0(Native Method)
      - locked java.net.PlainDatagramSocketImpl@9b0669
    at java.net.PlainDatagramSocketImpl.receive(Unknown Source)
      - locked java.net.PlainDatagramSocketImpl@9b0669
    at java.net.DatagramSocket.receive(Unknown Source)
      - locked java.net.DatagramPacket@14b674a
      - locked java.net.DatagramSocket@34a2ff
    at com.kuka.comm.net.UdpConnection.receivePacket(UdpConnection.java:260)
    at com.kuka.comm.net.UdpConnection.access$9(UdpConnection.java:256)
    at com.kuka.comm.net.UdpConnection$1.run(UdpConnection.java:212)
    at java.lang.Thread.run(Unknown Source)


"PostgresEvents" Id=58 in TIMED_WAITING on lock=java.util.concurrent.locks.AbstractQueuedSynchronizer$ConditionObject@1b94ad8
    at sun.misc.Unsafe.park(Native Method)
    at java.util.concurrent.locks.LockSupport.parkNanos(Unknown Source)
    at java.util.concurrent.locks.AbstractQueuedSynchronizer$ConditionObject.awaitNanos(Unknown Source)
    at java.util.concurrent.DelayQueue.take(Unknown Source)
    at java.util.concurrent.ScheduledThreadPoolExecutor$DelayedWorkQueue.take(Unknown Source)
    at java.util.concurrent.ScheduledThreadPoolExecutor$DelayedWorkQueue.take(Unknown Source)
    at java.util.concurrent.ThreadPoolExecutor.getTask(Unknown Source)
    at java.util.concurrent.ThreadPoolExecutor$Worker.run(Unknown Source)
    at java.lang.Thread.run(Unknown Source)


"VACExecutor" Id=57 in TIMED_WAITING on lock=java.util.concurrent.locks.AbstractQueuedSynchronizer$ConditionObject@1e0e643
    at sun.misc.Unsafe.park(Native Method)
    at java.util.concurrent.locks.LockSupport.parkNanos(Unknown Source)
    at java.util.concurrent.locks.AbstractQueuedSynchronizer$ConditionObject.awaitNanos(Unknown Source)
    at java.util.concurrent.DelayQueue.take(Unknown Source)
    at java.util.concurrent.ScheduledThreadPoolExecutor$DelayedWorkQueue.take(Unknown Source)
    at java.util.concurrent.ScheduledThreadPoolExecutor$DelayedWorkQueue.take(Unknown Source)
    at java.util.concurrent.ThreadPoolExecutor.getTask(Unknown Source)
    at java.util.concurrent.ThreadPoolExecutor$Worker.run(Unknown Source)
    at java.lang.Thread.run(Unknown Source)


"RelConnWorker [UDP: 20001 -> 172.31.1.200:8112]" Id=56 in TIMED_WAITING on lock=java.lang.Object@2d3dc6
    at java.lang.Object.wait(Native Method)
    at com.kuka.nav.comm.vac.protocol.ReliableConnection.reconnectLoop(ReliableConnection.java:765)
    at com.kuka.nav.comm.vac.protocol.ReliableConnection.access$8(ReliableConnection.java:715)
    at com.kuka.nav.comm.vac.protocol.ReliableConnection$4.run(ReliableConnection.java:702)
    at java.lang.Thread.run(Unknown Source)


"RelConnBackground" Id=55 in TIMED_WAITING on lock=java.util.concurrent.locks.AbstractQueuedSynchronizer$ConditionObject@329868
    at sun.misc.Unsafe.park(Native Method)
    at java.util.concurrent.locks.LockSupport.parkNanos(Unknown Source)
    at java.util.concurrent.locks.AbstractQueuedSynchronizer$ConditionObject.awaitNanos(Unknown Source)
    at java.util.concurrent.DelayQueue.take(Unknown Source)
    at java.util.concurrent.ScheduledThreadPoolExecutor$DelayedWorkQueue.take(Unknown Source)
    at java.util.concurrent.ScheduledThreadPoolExecutor$DelayedWorkQueue.take(Unknown Source)
    at java.util.concurrent.ThreadPoolExecutor.getTask(Unknown Source)
    at java.util.concurrent.ThreadPoolExecutor$Worker.run(Unknown Source)
    at java.lang.Thread.run(Unknown Source)


"[ThreadPool Manager] - Idle Thread" Id=54 in WAITING on lock=org.eclipse.equinox.internal.util.impl.tpt.threadpool.Executor@1b40c5d
    at java.lang.Object.wait(Native Method)
    at java.lang.Object.wait(Object.java:485)
    at org.eclipse.equinox.internal.util.impl.tpt.threadpool.Executor.run(Executor.java:106)


"pool-ServiceRegistration method executor for Service: ServiceDirectory-thread-1" Id=53 in WAITING on lock=java.util.concurrent.locks.AbstractQueuedSynchronizer$ConditionObject@197cc4a
    at sun.misc.Unsafe.park(Native Method)
    at java.util.concurrent.locks.LockSupport.park(Unknown Source)
    at java.util.concurrent.locks.AbstractQueuedSynchronizer$ConditionObject.await(Unknown Source)
    at java.util.concurrent.LinkedBlockingQueue.take(Unknown Source)
    at java.util.concurrent.ThreadPoolExecutor.getTask(Unknown Source)
    at java.util.concurrent.ThreadPoolExecutor$Worker.run(Unknown Source)
    at java.lang.Thread.run(Unknown Source)


"pool-ServiceRegistration method executor for Service: VirusScannerService-thread-1" Id=52 in WAITING on lock=java.util.concurrent.locks.AbstractQueuedSynchronizer$ConditionObject@e5239b
    at sun.misc.Unsafe.park(Native Method)
    at java.util.concurrent.locks.LockSupport.park(Unknown Source)
    at java.util.concurrent.locks.AbstractQueuedSynchronizer$ConditionObject.await(Unknown Source)
    at java.util.concurrent.LinkedBlockingQueue.take(Unknown Source)
    at java.util.concurrent.ThreadPoolExecutor.getTask(Unknown Source)
    at java.util.concurrent.ThreadPoolExecutor$Worker.run(Unknown Source)
    at java.lang.Thread.run(Unknown Source)


"pool-ServiceRegistration method executor for Service: AuthorizationService-thread-1" Id=51 in WAITING on lock=java.util.concurrent.locks.AbstractQueuedSynchronizer$ConditionObject@184ac23
    at sun.misc.Unsafe.park(Native Method)
    at java.util.concurrent.locks.LockSupport.park(Unknown Source)
    at java.util.concurrent.locks.AbstractQueuedSynchronizer$ConditionObject.await(Unknown Source)
    at java.util.concurrent.LinkedBlockingQueue.take(Unknown Source)
    at java.util.concurrent.ThreadPoolExecutor.getTask(Unknown Source)
    at java.util.concurrent.ThreadPoolExecutor$Worker.run(Unknown Source)
    at java.lang.Thread.run(Unknown Source)


"pool-NCF Session Worker-thread-1" Id=50 in WAITING on lock=java.util.concurrent.locks.AbstractQueuedSynchronizer$ConditionObject@1416b22
    at sun.misc.Unsafe.park(Native Method)
    at java.util.concurrent.locks.LockSupport.park(Unknown Source)
    at java.util.concurrent.locks.AbstractQueuedSynchronizer$ConditionObject.await(Unknown Source)
    at java.util.concurrent.LinkedBlockingQueue.take(Unknown Source)
    at java.util.concurrent.ThreadPoolExecutor.getTask(Unknown Source)
    at java.util.concurrent.ThreadPoolExecutor$Worker.run(Unknown Source)
    at java.lang.Thread.run(Unknown Source)


"Session WorkerThreadPort Port:49178" Id=49 in RUNNABLE (running in native)
    at java.net.SocketInputStream.socketRead0(Native Method)
    at java.net.SocketInputStream.read(Unknown Source)
    at sun.nio.cs.StreamDecoder.readBytes(Unknown Source)
    at sun.nio.cs.StreamDecoder.implRead(Unknown Source)
    at sun.nio.cs.StreamDecoder.read(Unknown Source)
      - locked java.io.InputStreamReader@1e09950
    at java.io.InputStreamReader.read(Unknown Source)
    at java.io.BufferedReader.fill(Unknown Source)
    at java.io.BufferedReader.read(Unknown Source)
      - locked java.io.InputStreamReader@1e09950
    at com.kuka.publishing.ncf.serialization.json.JSONTokenizer.readChar(JSONTokenizer.java:355)
    at com.kuka.publishing.ncf.serialization.json.JSONTokenizer.read(JSONTokenizer.java:56)
    at com.kuka.publishing.ncf.serialization.json.JSONParser.readToken(JSONParser.java:261)
    at com.kuka.publishing.ncf.serialization.json.JSONParser.internalRead(JSONParser.java:71)
    at com.kuka.publishing.ncf.serialization.json.JSONParser.read(JSONParser.java:57)
    at com.kuka.publishing.ncf.serialization.json.JSONMessageReader.read(JSONMessageReader.java:51)
    at com.kuka.publishing.ncf.server.internal.NCFSession$ReceiverRunner.run(NCFSession.java:72)
    at java.lang.Thread.run(Unknown Source)


"Timer-0" Id=48 in TIMED_WAITING on lock=java.util.TaskQueue@716fd8
    at java.lang.Object.wait(Native Method)
    at java.util.TimerThread.mainLoop(Unknown Source)
    at java.util.TimerThread.run(Unknown Source)


"pool-IpcHandler-thread-1" Id=47 in WAITING on lock=java.util.concurrent.locks.AbstractQueuedSynchronizer$ConditionObject@1660cb5
    at sun.misc.Unsafe.park(Native Method)
    at java.util.concurrent.locks.LockSupport.park(Unknown Source)
    at java.util.concurrent.locks.AbstractQueuedSynchronizer$ConditionObject.await(Unknown Source)
    at java.util.concurrent.LinkedBlockingQueue.take(Unknown Source)
    at java.util.concurrent.ThreadPoolExecutor.getTask(Unknown Source)
    at java.util.concurrent.ThreadPoolExecutor$Worker.run(Unknown Source)
    at java.lang.Thread.run(Unknown Source)


"pool-8-thread-1" Id=45 in WAITING on lock=java.util.concurrent.locks.AbstractQueuedSynchronizer$ConditionObject@cc565c
    at sun.misc.Unsafe.park(Native Method)
    at java.util.concurrent.locks.LockSupport.park(Unknown Source)
    at java.util.concurrent.locks.AbstractQueuedSynchronizer$ConditionObject.await(Unknown Source)
    at java.util.concurrent.LinkedBlockingQueue.take(Unknown Source)
    at java.util.concurrent.ThreadPoolExecutor.getTask(Unknown Source)
    at java.util.concurrent.ThreadPoolExecutor$Worker.run(Unknown Source)
    at java.lang.Thread.run(Unknown Source)


"Thread-8" Id=41 in WAITING on lock=java.lang.Object@139b580
    at java.lang.Object.wait(Native Method)
    at java.lang.Object.wait(Object.java:485)
    at io.grpc.internal.ServerImpl.awaitTermination(ServerImpl.java:278)
    at com.kuka.service.grpcServer.internal.GrpcServer.blockUntilShutdown(GrpcServer.java:93)
    at com.kuka.service.grpcServer.osgi.GrpcServerComponent$ServerRunnerThread.run(GrpcServerComponent.java:59)


"grpc-default-boss-ELG-1-1" Id=43 in RUNNABLE (running in native)
    at sun.nio.ch.WindowsSelectorImpl$SubSelector.poll0(Native Method)
    at sun.nio.ch.WindowsSelectorImpl$SubSelector.poll(Unknown Source)
    at sun.nio.ch.WindowsSelectorImpl$SubSelector.access$400(Unknown Source)
    at sun.nio.ch.WindowsSelectorImpl.doSelect(Unknown Source)
    at sun.nio.ch.SelectorImpl.lockAndDoSelect(Unknown Source)
      - locked io.netty.channel.nio.SelectedSelectionKeySet@220612
      - locked java.util.Collections$UnmodifiableSet@bad091
      - locked sun.nio.ch.WindowsSelectorImpl@6dc53d
    at sun.nio.ch.SelectorImpl.select(Unknown Source)
    at io.netty.channel.nio.SelectedSelectionKeySetSelector.select(SelectedSelectionKeySetSelector.java:62)
    at io.netty.channel.nio.NioEventLoop.select(NioEventLoop.java:753)
    at io.netty.channel.nio.NioEventLoop.run(NioEventLoop.java:409)
    at io.netty.util.concurrent.SingleThreadEventExecutor$5.run(SingleThreadEventExecutor.java:886)
    at io.netty.util.concurrent.FastThreadLocalRunnable.run(FastThreadLocalRunnable.java:30)
    at java.lang.Thread.run(Unknown Source)


"NCFServerThread" Id=40 in RUNNABLE (running in native)
    at java.net.PlainSocketImpl.socketAccept(Native Method)
    at java.net.PlainSocketImpl.accept(Unknown Source)
      - locked java.net.SocksSocketImpl@b05f68
    at java.net.ServerSocket.implAccept(Unknown Source)
    at java.net.ServerSocket.accept(Unknown Source)
    at com.kuka.publishing.ncf.server.NCFRemotingTechnology$ConnectionReceiverRunnable.awaitNewClientSession(NCFRemotingTechnology.java:76)
    at com.kuka.publishing.ncf.server.NCFRemotingTechnology$ConnectionReceiverRunnable.run(NCFRemotingTechnology.java:58)
    at java.lang.Thread.run(Unknown Source)


"pool-StationEvents-thread-1" Id=39 in WAITING on lock=java.util.concurrent.locks.AbstractQueuedSynchronizer$ConditionObject@147b288
    at sun.misc.Unsafe.park(Native Method)
    at java.util.concurrent.locks.LockSupport.park(Unknown Source)
    at java.util.concurrent.locks.AbstractQueuedSynchronizer$ConditionObject.await(Unknown Source)
    at java.util.concurrent.LinkedBlockingQueue.take(Unknown Source)
    at java.util.concurrent.ThreadPoolExecutor.getTask(Unknown Source)
    at java.util.concurrent.ThreadPoolExecutor$Worker.run(Unknown Source)
    at java.lang.Thread.run(Unknown Source)


"pool-BootStateControllerInitializationBehaviour_BootStateEvent-thread-1" Id=38 in WAITING on lock=java.util.concurrent.locks.AbstractQueuedSynchronizer$ConditionObject@1a17fe
    at sun.misc.Unsafe.park(Native Method)
    at java.util.concurrent.locks.LockSupport.park(Unknown Source)
    at java.util.concurrent.locks.AbstractQueuedSynchronizer$ConditionObject.await(Unknown Source)
    at java.util.concurrent.LinkedBlockingQueue.take(Unknown Source)
    at java.util.concurrent.ThreadPoolExecutor.getTask(Unknown Source)
    at java.util.concurrent.ThreadPoolExecutor$Worker.run(Unknown Source)
    at java.lang.Thread.run(Unknown Source)


"pool-ContainerEvents-thread-1" Id=37 in WAITING on lock=java.util.concurrent.locks.AbstractQueuedSynchronizer$ConditionObject@11d52e8
    at sun.misc.Unsafe.park(Native Method)
    at java.util.concurrent.locks.LockSupport.park(Unknown Source)
    at java.util.concurrent.locks.AbstractQueuedSynchronizer$ConditionObject.await(Unknown Source)
    at java.util.concurrent.LinkedBlockingQueue.take(Unknown Source)
    at java.util.concurrent.ThreadPoolExecutor.getTask(Unknown Source)
    at java.util.concurrent.ThreadPoolExecutor$Worker.run(Unknown Source)
    at java.lang.Thread.run(Unknown Source)


"pool-SPR state setting thread.-thread-1" Id=36 in WAITING on lock=java.util.concurrent.locks.AbstractQueuedSynchronizer$ConditionObject@2e323b
    at sun.misc.Unsafe.park(Native Method)
    at java.util.concurrent.locks.LockSupport.park(Unknown Source)
    at java.util.concurrent.locks.AbstractQueuedSynchronizer$ConditionObject.await(Unknown Source)
    at java.util.concurrent.LinkedBlockingQueue.take(Unknown Source)
    at java.util.concurrent.ThreadPoolExecutor.getTask(Unknown Source)
    at java.util.concurrent.ThreadPoolExecutor$Worker.run(Unknown Source)
    at java.lang.Thread.run(Unknown Source)


"pool-SunriseExecutionServiceEvents-thread-1" Id=35 in WAITING on lock=java.util.concurrent.locks.AbstractQueuedSynchronizer$ConditionObject@e3db47
    at sun.misc.Unsafe.park(Native Method)
    at java.util.concurrent.locks.LockSupport.park(Unknown Source)
    at java.util.concurrent.locks.AbstractQueuedSynchronizer$ConditionObject.await(Unknown Source)
    at java.util.concurrent.LinkedBlockingQueue.take(Unknown Source)
    at java.util.concurrent.ThreadPoolExecutor.getTask(Unknown Source)
    at java.util.concurrent.ThreadPoolExecutor$Worker.run(Unknown Source)
    at java.lang.Thread.run(Unknown Source)


"LockCtxCleanUp" Id=34 in TIMED_WAITING on lock=java.util.concurrent.locks.AbstractQueuedSynchronizer$ConditionObject@1511c01
    at sun.misc.Unsafe.park(Native Method)
    at java.util.concurrent.locks.LockSupport.parkNanos(Unknown Source)
    at java.util.concurrent.locks.AbstractQueuedSynchronizer$ConditionObject.awaitNanos(Unknown Source)
    at java.util.concurrent.DelayQueue.take(Unknown Source)
    at java.util.concurrent.ScheduledThreadPoolExecutor$DelayedWorkQueue.take(Unknown Source)
    at java.util.concurrent.ScheduledThreadPoolExecutor$DelayedWorkQueue.take(Unknown Source)
    at java.util.concurrent.ThreadPoolExecutor.getTask(Unknown Source)
    at java.util.concurrent.ThreadPoolExecutor$Worker.run(Unknown Source)
    at java.lang.Thread.run(Unknown Source)


"pool-1-thread-1" Id=33 in TIMED_WAITING on lock=java.util.concurrent.locks.AbstractQueuedSynchronizer$ConditionObject@59ce5
    at sun.misc.Unsafe.park(Native Method)
    at java.util.concurrent.locks.LockSupport.parkNanos(Unknown Source)
    at java.util.concurrent.locks.AbstractQueuedSynchronizer$ConditionObject.awaitNanos(Unknown Source)
    at java.util.concurrent.DelayQueue.take(Unknown Source)
    at java.util.concurrent.ScheduledThreadPoolExecutor$DelayedWorkQueue.take(Unknown Source)
    at java.util.concurrent.ScheduledThreadPoolExecutor$DelayedWorkQueue.take(Unknown Source)
    at java.util.concurrent.ThreadPoolExecutor.getTask(Unknown Source)
    at java.util.concurrent.ThreadPoolExecutor$Worker.run(Unknown Source)
    at java.lang.Thread.run(Unknown Source)


"pool-KeepAlive-thread-1" Id=32 in TIMED_WAITING on lock=java.util.concurrent.locks.AbstractQueuedSynchronizer$ConditionObject@7f92ea
    at sun.misc.Unsafe.park(Native Method)
    at java.util.concurrent.locks.LockSupport.parkNanos(Unknown Source)
    at java.util.concurrent.locks.AbstractQueuedSynchronizer$ConditionObject.awaitNanos(Unknown Source)
    at java.util.concurrent.DelayQueue.take(Unknown Source)
    at java.util.concurrent.ScheduledThreadPoolExecutor$DelayedWorkQueue.take(Unknown Source)
    at java.util.concurrent.ScheduledThreadPoolExecutor$DelayedWorkQueue.take(Unknown Source)
    at java.util.concurrent.ThreadPoolExecutor.getTask(Unknown Source)
    at java.util.concurrent.ThreadPoolExecutor$Worker.run(Unknown Source)
    at java.lang.Thread.run(Unknown Source)


"Connection Receiver worker" Id=31 in RUNNABLE (running in native)
    at java.net.SocketInputStream.socketRead0(Native Method)
    at java.net.SocketInputStream.read(Unknown Source)
    at com.kuka.roboticsAPI.controllerModel.sunrise.connectionLib.MessageUtilities.receiveFromStreamChecked(MessageUtilities.java:151)
    at com.kuka.roboticsAPI.controllerModel.sunrise.connectionLib.MessageUtilities.receiveMessageLengthFromStream(MessageUtilities.java:231)
    at com.kuka.roboticsAPI.controllerModel.sunrise.connectionLib.TcpChannel.tryReceive(TcpChannel.java:178)
    at com.kuka.roboticsAPI.controllerModel.sunrise.connectionLib.ClientConnectionData.tryReceive(ClientConnectionData.java:84)
    at com.kuka.roboticsAPI.controllerModel.sunrise.connectionLib.Connection.receive(Connection.java:95)
    at com.kuka.roboticsAPI.controllerModel.sunrise.connectionLib.ConnectionReceiver.run(ConnectionReceiver.java:60)
    at java.lang.Thread.run(Unknown Source)

      - java.util.concurrent.locks.ReentrantLock$NonfairSync@1864501

"Message Handling worker" Id=30 in WAITING on lock=java.util.concurrent.locks.AbstractQueuedSynchronizer$ConditionObject@1c7dda
    at sun.misc.Unsafe.park(Native Method)
    at java.util.concurrent.locks.LockSupport.park(Unknown Source)
    at java.util.concurrent.locks.AbstractQueuedSynchronizer$ConditionObject.await(Unknown Source)
    at java.util.concurrent.ArrayBlockingQueue.take(Unknown Source)
    at com.kuka.roboticsAPI.controllerModel.sunrise.connectionLib.HandlingWorker.run(HandlingWorker.java:60)
    at java.lang.Thread.run(Unknown Source)


"CommandInterceptor" Id=29 in TIMED_WAITING on lock=java.util.concurrent.locks.AbstractQueuedSynchronizer$ConditionObject@8aa067
    at sun.misc.Unsafe.park(Native Method)
    at java.util.concurrent.locks.LockSupport.parkNanos(Unknown Source)
    at java.util.concurrent.locks.AbstractQueuedSynchronizer$ConditionObject.awaitNanos(Unknown Source)
    at java.util.concurrent.DelayQueue.take(Unknown Source)
    at java.util.concurrent.ScheduledThreadPoolExecutor$DelayedWorkQueue.take(Unknown Source)
    at java.util.concurrent.ScheduledThreadPoolExecutor$DelayedWorkQueue.take(Unknown Source)
    at java.util.concurrent.ThreadPoolExecutor.getTask(Unknown Source)
    at java.util.concurrent.ThreadPoolExecutor$Worker.run(Unknown Source)
    at java.lang.Thread.run(Unknown Source)


"pool-IpcExecutor-thread-1" Id=28 in TIMED_WAITING on lock=java.util.concurrent.locks.AbstractQueuedSynchronizer$ConditionObject@128e62a
    at sun.misc.Unsafe.park(Native Method)
    at java.util.concurrent.locks.LockSupport.parkNanos(Unknown Source)
    at java.util.concurrent.locks.AbstractQueuedSynchronizer$ConditionObject.awaitNanos(Unknown Source)
    at java.util.concurrent.DelayQueue.take(Unknown Source)
    at java.util.concurrent.ScheduledThreadPoolExecutor$DelayedWorkQueue.take(Unknown Source)
    at java.util.concurrent.ScheduledThreadPoolExecutor$DelayedWorkQueue.take(Unknown Source)
    at java.util.concurrent.ThreadPoolExecutor.getTask(Unknown Source)
    at java.util.concurrent.ThreadPoolExecutor$Worker.run(Unknown Source)
    at java.lang.Thread.run(Unknown Source)


"pool-SunriseConnectionAccess-thread-1" Id=27 in WAITING on lock=java.util.concurrent.locks.AbstractQueuedSynchronizer$ConditionObject@1ef3e5
    at sun.misc.Unsafe.park(Native Method)
    at java.util.concurrent.locks.LockSupport.park(Unknown Source)
    at java.util.concurrent.locks.AbstractQueuedSynchronizer$ConditionObject.await(Unknown Source)
    at java.util.concurrent.LinkedBlockingQueue.take(Unknown Source)
    at java.util.concurrent.ThreadPoolExecutor.getTask(Unknown Source)
    at java.util.concurrent.ThreadPoolExecutor$Worker.run(Unknown Source)
    at java.lang.Thread.run(Unknown Source)


"Windows Sleep Bug Solver" Id=26 in TIMED_WAITING
    at java.lang.Thread.sleep(Native Method)
    at com.kuka.common.WindowsSleepBugSolver$1.run(WindowsSleepBugSolver.java:55)


"DelayedOsgiServiceStarter<IStationProvider>" Id=25 in WAITING on lock=java.util.concurrent.locks.AbstractQueuedSynchronizer$ConditionObject@1e6774
    at sun.misc.Unsafe.park(Native Method)
    at java.util.concurrent.locks.LockSupport.park(Unknown Source)
    at java.util.concurrent.locks.AbstractQueuedSynchronizer$ConditionObject.await(Unknown Source)
    at java.util.concurrent.LinkedBlockingQueue.take(Unknown Source)
    at java.util.concurrent.ThreadPoolExecutor.getTask(Unknown Source)
    at java.util.concurrent.ThreadPoolExecutor$Worker.run(Unknown Source)
    at java.lang.Thread.run(Unknown Source)


"[Timer] - Main Queue Handler" Id=23 in TIMED_WAITING on lock=java.lang.Object@1a1aca
    at java.lang.Object.wait(Native Method)
    at org.eclipse.equinox.internal.util.impl.tpt.timer.TimerImpl.run(TimerImpl.java:141)
    at java.lang.Thread.run(Unknown Source)


"AsyncAppender-Dispatcher-Thread-2" Id=20 in WAITING on lock=java.util.ArrayList@1d4e9c7
    at java.lang.Object.wait(Native Method)
    at java.lang.Object.wait(Object.java:485)
    at org.apache.log4j.AsyncAppender$Dispatcher.run(AsyncAppender.java:548)
    at java.lang.Thread.run(Unknown Source)


"Bundle File Closer" Id=18 in WAITING on lock=org.eclipse.osgi.framework.eventmgr.EventManager$EventThread@1404547
    at java.lang.Object.wait(Native Method)
    at java.lang.Object.wait(Object.java:485)
    at org.eclipse.osgi.framework.eventmgr.EventManager$EventThread.getNextEvent(EventManager.java:400)
    at org.eclipse.osgi.framework.eventmgr.EventManager$EventThread.run(EventManager.java:336)


"Start Level Event Dispatcher" Id=16 in WAITING on lock=org.eclipse.osgi.framework.eventmgr.EventManager$EventThread@1960c9e
    at java.lang.Object.wait(Native Method)
    at java.lang.Object.wait(Object.java:485)
    at org.eclipse.osgi.framework.eventmgr.EventManager$EventThread.getNextEvent(EventManager.java:400)
    at org.eclipse.osgi.framework.eventmgr.EventManager$EventThread.run(EventManager.java:336)


"Framework Event Dispatcher" Id=15 in WAITING on lock=org.eclipse.osgi.framework.eventmgr.EventManager$EventThread@8456b4
    at java.lang.Object.wait(Native Method)
    at java.lang.Object.wait(Object.java:485)
    at org.eclipse.osgi.framework.eventmgr.EventManager$EventThread.getNextEvent(EventManager.java:400)
    at org.eclipse.osgi.framework.eventmgr.EventManager$EventThread.run(EventManager.java:336)


"Framework Active Thread" Id=12 in TIMED_WAITING on lock=org.eclipse.osgi.framework.internal.core.Framework@58813c
    at java.lang.Object.wait(Native Method)
    at org.eclipse.osgi.framework.internal.core.Framework.run(Framework.java:1817)
    at java.lang.Thread.run(Unknown Source)


"ConsoleSocketGetter" Id=11 in RUNNABLE (running in native)
    at java.net.PlainSocketImpl.socketAccept(Native Method)
    at java.net.PlainSocketImpl.accept(Unknown Source)
      - locked java.net.SocksSocketImpl@8ca70a
    at java.net.ServerSocket.implAccept(Unknown Source)
    at java.net.ServerSocket.accept(Unknown Source)
    at org.eclipse.osgi.framework.internal.core.ConsoleManager$ConsoleSocketGetter.run(ConsoleManager.java:61)
    at java.lang.Thread.run(Unknown Source)


"JDWP Event Helper Thread" Id=7 in RUNNABLE


"Attach Listener" Id=5 in RUNNABLE


"Signal Dispatcher" Id=4 in RUNNABLE


"Finalizer" Id=3 in WAITING on lock=java.lang.ref.ReferenceQueue$Lock@2a9f8d
    at java.lang.Object.wait(Native Method)
    at java.lang.ref.ReferenceQueue.remove(Unknown Source)
    at java.lang.ref.ReferenceQueue.remove(Unknown Source)
    at java.lang.ref.Finalizer$FinalizerThread.run(Unknown Source)


"Reference Handler" Id=2 in WAITING on lock=java.lang.ref.Reference$Lock@511768
    at java.lang.Object.wait(Native Method)
    at java.lang.Object.wait(Object.java:485)
    at java.lang.ref.Reference$ReferenceHandler.run(Unknown Source)


"main" Id=1 in RUNNABLE


Execution of com.kuka.monitoring.jmx.JvmDump finished at 10/04/2025 15:04:03

